

================================================================
== Vitis HLS Report for 'cancellation_unit_top_0_Pipeline_VITIS_LOOP_58_1'
================================================================
* Date:           Fri Aug 16 17:28:37 2024

* Version:        2022.1 (Build 3526262 on Mon Apr 18 15:47:01 MDT 2022)
* Project:        pdes_fpga_vitis
* Solution:       solution1 (Vivado IP Flow Target)
* Product family: zynquplus
* Target device:  xczu7ev-ffvc1156-2-e


================================================================
== Performance Estimates
================================================================
+ Timing: 
    * Summary: 
    +--------+---------+----------+------------+
    |  Clock |  Target | Estimated| Uncertainty|
    +--------+---------+----------+------------+
    |ap_clk  |  5.00 ns|  3.465 ns|     1.35 ns|
    +--------+---------+----------+------------+

+ Latency: 
    * Summary: 
    +---------+---------+----------+----------+-----+-----+---------+
    |  Latency (cycles) |  Latency (absolute) |  Interval | Pipeline|
    |   min   |   max   |    min   |    max   | min | max |   Type  |
    +---------+---------+----------+----------+-----+-----+---------+
    |        ?|        ?|         ?|         ?|    ?|    ?|       no|
    +---------+---------+----------+----------+-----+-----+---------+

    + Detail: 
        * Instance: 
        N/A

        * Loop: 
        +-------------------+---------+---------+----------+-----------+-----------+------+----------+
        |                   |  Latency (cycles) | Iteration|  Initiation Interval  | Trip |          |
        |     Loop Name     |   min   |   max   |  Latency |  achieved |   target  | Count| Pipelined|
        +-------------------+---------+---------+----------+-----------+-----------+------+----------+
        |- VITIS_LOOP_58_1  |        ?|        ?|         3|          2|          1|     ?|       yes|
        +-------------------+---------+---------+----------+-----------+-----------+------+----------+



================================================================
== Utilization Estimates
================================================================
* Summary: 
+-----------------+---------+------+--------+--------+-----+
|       Name      | BRAM_18K|  DSP |   FF   |   LUT  | URAM|
+-----------------+---------+------+--------+--------+-----+
|DSP              |        -|     -|       -|       -|    -|
|Expression       |        -|     -|       0|     173|    -|
|FIFO             |        -|     -|       -|       -|    -|
|Instance         |        -|     -|       -|       -|    -|
|Memory           |        -|     -|       -|       -|    -|
|Multiplexer      |        -|     -|       -|     141|    -|
|Register         |        -|     -|     270|       -|    -|
+-----------------+---------+------+--------+--------+-----+
|Total            |        0|     0|     270|     314|    0|
+-----------------+---------+------+--------+--------+-----+
|Available        |      624|  1728|  460800|  230400|   96|
+-----------------+---------+------+--------+--------+-----+
|Utilization (%)  |        0|     0|      ~0|      ~0|    0|
+-----------------+---------+------+--------+--------+-----+

+ Detail: 
    * Instance: 
    N/A

    * DSP: 
    N/A

    * Memory: 
    N/A

    * FIFO: 
    N/A

    * Expression: 
    +-----------------------------------+----------+----+---+----+------------+------------+
    |           Variable Name           | Operation| DSP| FF| LUT| Bitwidth P0| Bitwidth P1|
    +-----------------------------------+----------+----+---+----+------------+------------+
    |add_ln887_6_fu_310_p2              |         +|   0|  0|  23|          16|           2|
    |add_ln887_fu_355_p2                |         +|   0|  0|  23|          16|           2|
    |ap_block_pp0_stage0_01001          |       and|   0|  0|   2|           1|           1|
    |addr_cmp5_fu_270_p2                |      icmp|   0|  0|  29|          64|          64|
    |addr_cmp_fu_297_p2                 |      icmp|   0|  0|  29|          64|          64|
    |icmp_ln1069_fu_248_p2              |      icmp|   0|  0|  13|          16|           2|
    |icmp_ln1081_fu_259_p2              |      icmp|   0|  0|  20|          32|          32|
    |cancellation_unit_lp_heads_V_1_d0  |    select|   0|  0|  16|           1|          16|
    |reuse_select_fu_348_p3             |    select|   0|  0|  16|           1|          16|
    |ap_enable_pp0                      |       xor|   0|  0|   2|           1|           2|
    +-----------------------------------+----------+----+---+----+------------+------------+
    |Total                              |          |   0|  0| 173|         212|         201|
    +-----------------------------------+----------+----+---+----+------------+------------+

    * Multiplexer: 
    +------------------------------------------------+----+-----------+-----+-----------+
    |                      Name                      | LUT| Input Size| Bits| Total Bits|
    +------------------------------------------------+----+-----------+-----+-----------+
    |ap_NS_fsm                                       |  14|          3|    1|          3|
    |ap_done_int                                     |   9|          2|    1|          2|
    |ap_enable_reg_pp0_iter0                         |   9|          2|    1|          2|
    |ap_enable_reg_pp0_iter1                         |   9|          2|    1|          2|
    |ap_sig_allocacmp_current_V_34                   |  14|          3|   16|         48|
    |cancellation_unit_free_head_V_1_o               |   9|          2|   16|         32|
    |cancellation_unit_lp_sizes_V_1_address0         |  14|          3|    2|          6|
    |cancellation_unit_total_size_V_1_o              |   9|          2|   16|         32|
    |current_V_26_fu_84                              |   9|          2|   16|         32|
    |lpcore_cancellation_unit_output_stream_0_blk_n  |   9|          2|    1|          2|
    |reuse_addr_reg2_fu_68                           |   9|          2|   64|        128|
    |reuse_addr_reg_fu_76                            |   9|          2|   64|        128|
    |reuse_reg1_fu_72                                |   9|          2|   16|         32|
    |reuse_reg_fu_80                                 |   9|          2|   16|         32|
    +------------------------------------------------+----+-----------+-----+-----------+
    |Total                                           | 141|         31|  231|        481|
    +------------------------------------------------+----+-----------+-----+-----------+

    * Register: 
    +---------------------------------------------+----+----+-----+-----------+
    |                     Name                    | FF | LUT| Bits| Const Bits|
    +---------------------------------------------+----+----+-----+-----------+
    |addr_cmp5_reg_493                            |   1|   0|    1|          0|
    |addr_cmp_reg_498                             |   1|   0|    1|          0|
    |anti_message_send_time_V_reg_455             |  32|   0|   32|          0|
    |ap_CS_fsm                                    |   2|   0|    2|          0|
    |ap_done_reg                                  |   1|   0|    1|          0|
    |ap_enable_reg_pp0_iter0_reg                  |   1|   0|    1|          0|
    |ap_enable_reg_pp0_iter1                      |   1|   0|    1|          0|
    |cancellation_unit_lp_heads_V_1_addr_reg_450  |   2|   0|    2|          0|
    |cancellation_unit_lp_sizes_V_1_addr_reg_445  |   2|   0|    2|          0|
    |current_V_26_fu_84                           |  16|   0|   16|          0|
    |current_V_34_reg_420                         |  16|   0|   16|          0|
    |icmp_ln1069_reg_425                          |   1|   0|    1|          0|
    |reuse_addr_reg2_fu_68                        |  64|   0|   64|          0|
    |reuse_addr_reg_fu_76                         |  64|   0|   64|          0|
    |reuse_reg1_fu_72                             |  16|   0|   16|          0|
    |reuse_reg1_load_reg_488                      |  16|   0|   16|          0|
    |reuse_reg_fu_80                              |  16|   0|   16|          0|
    |zext_ln145_cast_reg_412                      |   2|   0|   64|         62|
    |zext_ln587_reg_429                           |  16|   0|   64|         48|
    +---------------------------------------------+----+----+-----+-----------+
    |Total                                        | 270|   0|  380|        110|
    +---------------------------------------------+----+----+-----+-----------+



================================================================
== Interface
================================================================
* Summary: 
+---------------------------------------------------------+-----+-----+------------+---------------------------------------------------+--------------+
|                        RTL Ports                        | Dir | Bits|  Protocol  |                   Source Object                   |    C Type    |
+---------------------------------------------------------+-----+-----+------------+---------------------------------------------------+--------------+
|ap_clk                                                   |   in|    1|  ap_ctrl_hs|  cancellation_unit_top<0>_Pipeline_VITIS_LOOP_58_1|  return value|
|ap_rst                                                   |   in|    1|  ap_ctrl_hs|  cancellation_unit_top<0>_Pipeline_VITIS_LOOP_58_1|  return value|
|ap_start                                                 |   in|    1|  ap_ctrl_hs|  cancellation_unit_top<0>_Pipeline_VITIS_LOOP_58_1|  return value|
|ap_done                                                  |  out|    1|  ap_ctrl_hs|  cancellation_unit_top<0>_Pipeline_VITIS_LOOP_58_1|  return value|
|ap_idle                                                  |  out|    1|  ap_ctrl_hs|  cancellation_unit_top<0>_Pipeline_VITIS_LOOP_58_1|  return value|
|ap_ready                                                 |  out|    1|  ap_ctrl_hs|  cancellation_unit_top<0>_Pipeline_VITIS_LOOP_58_1|  return value|
|current_V                                                |   in|   16|     ap_none|                                          current_V|        scalar|
|zext_ln145                                               |   in|    2|     ap_none|                                         zext_ln145|        scalar|
|lpcore_cancellation_unit_output_stream_0_din             |  out|  129|     ap_fifo|           lpcore_cancellation_unit_output_stream_0|       pointer|
|lpcore_cancellation_unit_output_stream_0_num_data_valid  |   in|    2|     ap_fifo|           lpcore_cancellation_unit_output_stream_0|       pointer|
|lpcore_cancellation_unit_output_stream_0_fifo_cap        |   in|    2|     ap_fifo|           lpcore_cancellation_unit_output_stream_0|       pointer|
|lpcore_cancellation_unit_output_stream_0_full_n          |   in|    1|     ap_fifo|           lpcore_cancellation_unit_output_stream_0|       pointer|
|lpcore_cancellation_unit_output_stream_0_write           |  out|    1|     ap_fifo|           lpcore_cancellation_unit_output_stream_0|       pointer|
|tmp_to_time_V                                            |   in|   32|     ap_none|                                      tmp_to_time_V|        scalar|
|cancellation_unit_buffer_event_recv_time_V_1_address0    |  out|    6|   ap_memory|       cancellation_unit_buffer_event_recv_time_V_1|         array|
|cancellation_unit_buffer_event_recv_time_V_1_ce0         |  out|    1|   ap_memory|       cancellation_unit_buffer_event_recv_time_V_1|         array|
|cancellation_unit_buffer_event_recv_time_V_1_q0          |   in|   32|   ap_memory|       cancellation_unit_buffer_event_recv_time_V_1|         array|
|cancellation_unit_buffer_event_data_V_1_address0         |  out|    6|   ap_memory|            cancellation_unit_buffer_event_data_V_1|         array|
|cancellation_unit_buffer_event_data_V_1_ce0              |  out|    1|   ap_memory|            cancellation_unit_buffer_event_data_V_1|         array|
|cancellation_unit_buffer_event_data_V_1_q0               |   in|   32|   ap_memory|            cancellation_unit_buffer_event_data_V_1|         array|
|cancellation_unit_buffer_event_sender_id_V_1_address0    |  out|    6|   ap_memory|       cancellation_unit_buffer_event_sender_id_V_1|         array|
|cancellation_unit_buffer_event_sender_id_V_1_ce0         |  out|    1|   ap_memory|       cancellation_unit_buffer_event_sender_id_V_1|         array|
|cancellation_unit_buffer_event_sender_id_V_1_q0          |   in|   16|   ap_memory|       cancellation_unit_buffer_event_sender_id_V_1|         array|
|cancellation_unit_buffer_event_receiver_id_V_1_address0  |  out|    6|   ap_memory|     cancellation_unit_buffer_event_receiver_id_V_1|         array|
|cancellation_unit_buffer_event_receiver_id_V_1_ce0       |  out|    1|   ap_memory|     cancellation_unit_buffer_event_receiver_id_V_1|         array|
|cancellation_unit_buffer_event_receiver_id_V_1_q0        |   in|   16|   ap_memory|     cancellation_unit_buffer_event_receiver_id_V_1|         array|
|cancellation_unit_buffer_next_V_1_address0               |  out|    6|   ap_memory|                  cancellation_unit_buffer_next_V_1|         array|
|cancellation_unit_buffer_next_V_1_ce0                    |  out|    1|   ap_memory|                  cancellation_unit_buffer_next_V_1|         array|
|cancellation_unit_buffer_next_V_1_we0                    |  out|    1|   ap_memory|                  cancellation_unit_buffer_next_V_1|         array|
|cancellation_unit_buffer_next_V_1_d0                     |  out|   16|   ap_memory|                  cancellation_unit_buffer_next_V_1|         array|
|cancellation_unit_buffer_next_V_1_q0                     |   in|   16|   ap_memory|                  cancellation_unit_buffer_next_V_1|         array|
|cancellation_unit_lp_heads_V_1_address0                  |  out|    2|   ap_memory|                     cancellation_unit_lp_heads_V_1|         array|
|cancellation_unit_lp_heads_V_1_ce0                       |  out|    1|   ap_memory|                     cancellation_unit_lp_heads_V_1|         array|
|cancellation_unit_lp_heads_V_1_we0                       |  out|    1|   ap_memory|                     cancellation_unit_lp_heads_V_1|         array|
|cancellation_unit_lp_heads_V_1_d0                        |  out|   16|   ap_memory|                     cancellation_unit_lp_heads_V_1|         array|
|cancellation_unit_free_head_V_1_i                        |   in|   16|     ap_ovld|                    cancellation_unit_free_head_V_1|       pointer|
|cancellation_unit_free_head_V_1_o                        |  out|   16|     ap_ovld|                    cancellation_unit_free_head_V_1|       pointer|
|cancellation_unit_free_head_V_1_o_ap_vld                 |  out|    1|     ap_ovld|                    cancellation_unit_free_head_V_1|       pointer|
|cancellation_unit_lp_sizes_V_1_address0                  |  out|    2|   ap_memory|                     cancellation_unit_lp_sizes_V_1|         array|
|cancellation_unit_lp_sizes_V_1_ce0                       |  out|    1|   ap_memory|                     cancellation_unit_lp_sizes_V_1|         array|
|cancellation_unit_lp_sizes_V_1_we0                       |  out|    1|   ap_memory|                     cancellation_unit_lp_sizes_V_1|         array|
|cancellation_unit_lp_sizes_V_1_d0                        |  out|   16|   ap_memory|                     cancellation_unit_lp_sizes_V_1|         array|
|cancellation_unit_lp_sizes_V_1_q0                        |   in|   16|   ap_memory|                     cancellation_unit_lp_sizes_V_1|         array|
|cancellation_unit_total_size_V_1_i                       |   in|   16|     ap_ovld|                   cancellation_unit_total_size_V_1|       pointer|
|cancellation_unit_total_size_V_1_o                       |  out|   16|     ap_ovld|                   cancellation_unit_total_size_V_1|       pointer|
|cancellation_unit_total_size_V_1_o_ap_vld                |  out|    1|     ap_ovld|                   cancellation_unit_total_size_V_1|       pointer|
|cancellation_unit_buffer_event_send_time_V_1_address0    |  out|    6|   ap_memory|       cancellation_unit_buffer_event_send_time_V_1|         array|
|cancellation_unit_buffer_event_send_time_V_1_ce0         |  out|    1|   ap_memory|       cancellation_unit_buffer_event_send_time_V_1|         array|
|cancellation_unit_buffer_event_send_time_V_1_q0          |   in|   32|   ap_memory|       cancellation_unit_buffer_event_send_time_V_1|         array|
+---------------------------------------------------------+-----+-----+------------+---------------------------------------------------+--------------+

