

================================================================
== Vitis HLS Report for 'cancellation_unit_top_0_Pipeline_VITIS_LOOP_93_2'
================================================================
* Date:           Wed Aug 14 17:50:16 2024

* Version:        2022.1 (Build 3526262 on Mon Apr 18 15:47:01 MDT 2022)
* Project:        pdes_fpga_vitis
* Solution:       solution1 (Vivado IP Flow Target)
* Product family: zynquplus
* Target device:  xczu7ev-ffvc1156-2-e


================================================================
== Performance Estimates
================================================================
+ Timing: 
    * Summary: 
    +--------+---------+----------+------------+
    |  Clock |  Target | Estimated| Uncertainty|
    +--------+---------+----------+------------+
    |ap_clk  |  5.00 ns|  3.465 ns|     1.35 ns|
    +--------+---------+----------+------------+

+ Latency: 
    * Summary: 
    +---------+---------+----------+----------+-----+-----+---------+
    |  Latency (cycles) |  Latency (absolute) |  Interval | Pipeline|
    |   min   |   max   |    min   |    max   | min | max |   Type  |
    +---------+---------+----------+----------+-----+-----+---------+
    |        ?|        ?|         ?|         ?|    ?|    ?|       no|
    +---------+---------+----------+----------+-----+-----+---------+

    + Detail: 
        * Instance: 
        N/A

        * Loop: 
        +-------------------+---------+---------+----------+-----------+-----------+------+----------+
        |                   |  Latency (cycles) | Iteration|  Initiation Interval  | Trip |          |
        |     Loop Name     |   min   |   max   |  Latency |  achieved |   target  | Count| Pipelined|
        +-------------------+---------+---------+----------+-----------+-----------+------+----------+
        |- VITIS_LOOP_93_2  |        ?|        ?|         3|          3|          1|     ?|       yes|
        +-------------------+---------+---------+----------+-----------+-----------+------+----------+



================================================================
== Utilization Estimates
================================================================
* Summary: 
+-----------------+---------+------+--------+--------+-----+
|       Name      | BRAM_18K|  DSP |   FF   |   LUT  | URAM|
+-----------------+---------+------+--------+--------+-----+
|DSP              |        -|     -|       -|       -|    -|
|Expression       |        -|     -|       0|      92|    -|
|FIFO             |        -|     -|       -|       -|    -|
|Instance         |        -|     -|       -|       -|    -|
|Memory           |        -|     -|       -|       -|    -|
|Multiplexer      |        -|     -|       -|     108|    -|
|Register         |        -|     -|      80|       -|    -|
+-----------------+---------+------+--------+--------+-----+
|Total            |        0|     0|      80|     200|    0|
+-----------------+---------+------+--------+--------+-----+
|Available        |      624|  1728|  460800|  230400|   96|
+-----------------+---------+------+--------+--------+-----+
|Utilization (%)  |        0|     0|      ~0|      ~0|    0|
+-----------------+---------+------+--------+--------+-----+

+ Detail: 
    * Instance: 
    N/A

    * DSP: 
    N/A

    * Memory: 
    N/A

    * FIFO: 
    N/A

    * Expression: 
    +---------------------------------+----------+----+---+----+------------+------------+
    |          Variable Name          | Operation| DSP| FF| LUT| Bitwidth P0| Bitwidth P1|
    +---------------------------------+----------+----+---+----+------------+------------+
    |cancellation_unit_lp_sizes_V_d0  |         +|   0|  0|  23|          16|           2|
    |removed_V_fu_184_p2              |         +|   0|  0|  23|          16|           1|
    |icmp_ln1065_fu_169_p2            |      icmp|   0|  0|  13|          16|           2|
    |icmp_ln1069_fu_149_p2            |      icmp|   0|  0|  13|          16|           2|
    |icmp_ln1085_fu_161_p2            |      icmp|   0|  0|  20|          32|          32|
    +---------------------------------+----------+----+---+----+------------+------------+
    |Total                            |          |   0|  0|  92|          96|          39|
    +---------------------------------+----------+----+---+----+------------+------------+

    * Multiplexer: 
    +------------------------------------------+----+-----------+-----+-----------+
    |                   Name                   | LUT| Input Size| Bits| Total Bits|
    +------------------------------------------+----+-----------+-----+-----------+
    |ap_NS_fsm                                 |  20|          4|    1|          4|
    |ap_done_int                               |   9|          2|    1|          2|
    |ap_sig_allocacmp_current_V                |   9|          2|   16|         32|
    |cancellation_unit_buffer_next_V_address0  |  20|          4|    6|         24|
    |cancellation_unit_buffer_next_V_d0        |  14|          3|   16|         48|
    |cancellation_unit_free_head_V_o           |   9|          2|   16|         32|
    |current_V_14_fu_44                        |   9|          2|   16|         32|
    |prev_V_fu_48                              |   9|          2|   16|         32|
    |removed_V_6_out_o                         |   9|          2|   16|         32|
    +------------------------------------------+----+-----------+-----+-----------+
    |Total                                     | 108|         23|  104|        238|
    +------------------------------------------+----+-----------+-----+-----------+

    * Register: 
    +----------------------------------------------+----+----+-----+-----------+
    |                     Name                     | FF | LUT| Bits| Const Bits|
    +----------------------------------------------+----+----+-----+-----------+
    |ap_CS_fsm                                     |   3|   0|    3|          0|
    |ap_done_reg                                   |   1|   0|    1|          0|
    |cancellation_unit_buffer_next_V_addr_reg_260  |   6|   0|    6|          0|
    |cancellation_unit_lp_heads_V_addr_reg_246     |   2|   0|    2|          0|
    |cancellation_unit_lp_sizes_V_addr_reg_251     |   2|   0|    2|          0|
    |current_V_14_fu_44                            |  16|   0|   16|          0|
    |current_V_16_reg_270                          |  16|   0|   16|          0|
    |current_V_reg_240                             |  16|   0|   16|          0|
    |icmp_ln1069_reg_256                           |   1|   0|    1|          0|
    |icmp_ln1085_reg_275                           |   1|   0|    1|          0|
    |prev_V_fu_48                                  |  16|   0|   16|          0|
    +----------------------------------------------+----+----+-----+-----------+
    |Total                                         |  80|   0|   80|          0|
    +----------------------------------------------+----+----+-----+-----------+



================================================================
== Interface
================================================================
* Summary: 
+-----------------------------------------------------+-----+-----+------------+---------------------------------------------------+--------------+
|                      RTL Ports                      | Dir | Bits|  Protocol  |                   Source Object                   |    C Type    |
+-----------------------------------------------------+-----+-----+------------+---------------------------------------------------+--------------+
|ap_clk                                               |   in|    1|  ap_ctrl_hs|  cancellation_unit_top<0>_Pipeline_VITIS_LOOP_93_2|  return value|
|ap_rst                                               |   in|    1|  ap_ctrl_hs|  cancellation_unit_top<0>_Pipeline_VITIS_LOOP_93_2|  return value|
|ap_start                                             |   in|    1|  ap_ctrl_hs|  cancellation_unit_top<0>_Pipeline_VITIS_LOOP_93_2|  return value|
|ap_done                                              |  out|    1|  ap_ctrl_hs|  cancellation_unit_top<0>_Pipeline_VITIS_LOOP_93_2|  return value|
|ap_idle                                              |  out|    1|  ap_ctrl_hs|  cancellation_unit_top<0>_Pipeline_VITIS_LOOP_93_2|  return value|
|ap_ready                                             |  out|    1|  ap_ctrl_hs|  cancellation_unit_top<0>_Pipeline_VITIS_LOOP_93_2|  return value|
|current_V_17                                         |   in|   16|     ap_none|                                       current_V_17|        scalar|
|zext_ln1073                                          |   in|    2|     ap_none|                                        zext_ln1073|        scalar|
|tmp_10                                               |   in|   32|     ap_none|                                             tmp_10|        scalar|
|removed_V_6_out_i                                    |   in|   16|     ap_ovld|                                    removed_V_6_out|       pointer|
|removed_V_6_out_o                                    |  out|   16|     ap_ovld|                                    removed_V_6_out|       pointer|
|removed_V_6_out_o_ap_vld                             |  out|    1|     ap_ovld|                                    removed_V_6_out|       pointer|
|cancellation_unit_buffer_next_V_address0             |  out|    6|   ap_memory|                    cancellation_unit_buffer_next_V|         array|
|cancellation_unit_buffer_next_V_ce0                  |  out|    1|   ap_memory|                    cancellation_unit_buffer_next_V|         array|
|cancellation_unit_buffer_next_V_we0                  |  out|    1|   ap_memory|                    cancellation_unit_buffer_next_V|         array|
|cancellation_unit_buffer_next_V_d0                   |  out|   16|   ap_memory|                    cancellation_unit_buffer_next_V|         array|
|cancellation_unit_buffer_next_V_q0                   |   in|   16|   ap_memory|                    cancellation_unit_buffer_next_V|         array|
|cancellation_unit_buffer_event_send_time_V_address0  |  out|    6|   ap_memory|         cancellation_unit_buffer_event_send_time_V|         array|
|cancellation_unit_buffer_event_send_time_V_ce0       |  out|    1|   ap_memory|         cancellation_unit_buffer_event_send_time_V|         array|
|cancellation_unit_buffer_event_send_time_V_q0        |   in|   32|   ap_memory|         cancellation_unit_buffer_event_send_time_V|         array|
|cancellation_unit_free_head_V_i                      |   in|   16|     ap_ovld|                      cancellation_unit_free_head_V|       pointer|
|cancellation_unit_free_head_V_o                      |  out|   16|     ap_ovld|                      cancellation_unit_free_head_V|       pointer|
|cancellation_unit_free_head_V_o_ap_vld               |  out|    1|     ap_ovld|                      cancellation_unit_free_head_V|       pointer|
|cancellation_unit_lp_sizes_V_address0                |  out|    2|   ap_memory|                       cancellation_unit_lp_sizes_V|         array|
|cancellation_unit_lp_sizes_V_ce0                     |  out|    1|   ap_memory|                       cancellation_unit_lp_sizes_V|         array|
|cancellation_unit_lp_sizes_V_we0                     |  out|    1|   ap_memory|                       cancellation_unit_lp_sizes_V|         array|
|cancellation_unit_lp_sizes_V_d0                      |  out|   16|   ap_memory|                       cancellation_unit_lp_sizes_V|         array|
|cancellation_unit_lp_sizes_V_q0                      |   in|   16|   ap_memory|                       cancellation_unit_lp_sizes_V|         array|
|cancellation_unit_lp_heads_V_address0                |  out|    2|   ap_memory|                       cancellation_unit_lp_heads_V|         array|
|cancellation_unit_lp_heads_V_ce0                     |  out|    1|   ap_memory|                       cancellation_unit_lp_heads_V|         array|
|cancellation_unit_lp_heads_V_we0                     |  out|    1|   ap_memory|                       cancellation_unit_lp_heads_V|         array|
|cancellation_unit_lp_heads_V_d0                      |  out|   16|   ap_memory|                       cancellation_unit_lp_heads_V|         array|
+-----------------------------------------------------+-----+-----+------------+---------------------------------------------------+--------------+

