

================================================================
== Synthesis Summary Report of 'simulation_top'
================================================================
+ General Information: 
    * Date:           Thu Aug 15 17:58:39 2024
    * Version:        2022.1 (Build 3526262 on Mon Apr 18 15:47:01 MDT 2022)
    * Project:        pdes_fpga_vitis
    * Solution:       solution1 (Vivado IP Flow Target)
    * Product family: zynquplus
    * Target device:  xczu7ev-ffvc1156-2-e
    

+ Performance & Resource Estimates: 
    
    PS: '+' for module; 'o' for loop; '*' for dataflow
    +--------------------------------------------------------+------+------+---------+--------+----------+---------+------+----------+---------+----+------------+------------+-----+
    |                         Modules                        | Issue|      | Latency | Latency| Iteration|         | Trip |          |         |    |            |            |     |
    |                         & Loops                        | Type | Slack| (cycles)|  (ns)  |  Latency | Interval| Count| Pipelined|  BRAM   | DSP|     FF     |     LUT    | URAM|
    +--------------------------------------------------------+------+------+---------+--------+----------+---------+------+----------+---------+----+------------+------------+-----+
    |+ simulation_top*                                       |     -|  0.00|        -|       -|         -|        -|     -|  dataflow|  34 (5%)|   -|   9634 (2%)|  15432 (6%)|    -|
    | + lpcore_kernel_0_s*                                   |     -|  0.00|        -|       -|         -|        -|     -|  dataflow|  17 (2%)|   -|   4817 (1%)|   7716 (3%)|    -|
    |  + lpcore_control_top_0_s*                             |     -|  0.00|        0|   0.000|         -|        1|     -|  dataflow|        -|   -|     4 (~0%)|    94 (~0%)|    -|
    |   + lpcore_rollback_control                            |     -|  0.00|        0|   0.000|         -|        0|     -|        no|        -|   -|     2 (~0%)|    47 (~0%)|    -|
    |   + lpcore_commit_control                              |     -|  0.19|        0|   0.000|         -|        0|     -|        no|        -|   -|     2 (~0%)|    47 (~0%)|    -|
    |  + event_queue_top_0_s                                 |     -|  0.16|        -|       -|         -|        -|     -|        no|   7 (1%)|   -|  2431 (~0%)|   4245 (1%)|    -|
    |   + commit                                             |     -|  0.19|        -|       -|         -|        -|     -|        no|        -|   -|  1129 (~0%)|  1842 (~0%)|    -|
    |    + commit_Pipeline_VITIS_LOOP_237_2                  |     -|  0.19|        -|       -|         -|        -|     -|        no|        -|   -|   248 (~0%)|   317 (~0%)|    -|
    |     o VITIS_LOOP_237_2                                 |    II|  3.65|        -|       -|         4|        3|     -|       yes|        -|   -|           -|           -|    -|
    |    + commit_Pipeline_VITIS_LOOP_237_21                 |     -|  0.19|        -|       -|         -|        -|     -|        no|        -|   -|   247 (~0%)|   317 (~0%)|    -|
    |     o VITIS_LOOP_237_2                                 |    II|  3.65|        -|       -|         4|        3|     -|       yes|        -|   -|           -|           -|    -|
    |    + commit_Pipeline_VITIS_LOOP_237_22                 |     -|  0.19|        -|       -|         -|        -|     -|        no|        -|   -|   247 (~0%)|   317 (~0%)|    -|
    |     o VITIS_LOOP_237_2                                 |    II|  3.65|        -|       -|         4|        3|     -|       yes|        -|   -|           -|           -|    -|
    |    + commit_Pipeline_VITIS_LOOP_237_23                 |     -|  0.19|        -|       -|         -|        -|     -|        no|        -|   -|   246 (~0%)|   317 (~0%)|    -|
    |     o VITIS_LOOP_237_2                                 |    II|  3.65|        -|       -|         4|        3|     -|       yes|        -|   -|           -|           -|    -|
    |   + event_queue_top_0_Pipeline_VITIS_LOOP_205_1        |     -|  0.55|        8|  40.000|         -|        8|     -|        no|        -|   -|    81 (~0%)|   204 (~0%)|    -|
    |    o VITIS_LOOP_205_1                                  |     -|  3.65|        6|  30.000|         3|        1|     4|       yes|        -|   -|           -|           -|    -|
    |   + enqueue                                            |     -|  0.16|        -|       -|         -|        -|     -|        no|        -|   -|   244 (~0%)|   456 (~0%)|    -|
    |    o VITIS_LOOP_122_1                                  |     -|  3.65|        -|       -|         3|        -|     -|        no|        -|   -|           -|           -|    -|
    |   + event_queue_top_0_Pipeline_VITIS_LOOP_271_1        |     -|  0.75|        -|       -|         -|        -|     -|        no|        -|   -|   117 (~0%)|   214 (~0%)|    -|
    |    o VITIS_LOOP_271_1                                  |    II|  3.65|        -|       -|         5|        3|     -|       yes|        -|   -|           -|           -|    -|
    |   o VITIS_LOOP_294_1                                   |     -|  3.65|        -|       -|         7|        -|     -|        no|        -|   -|           -|           -|    -|
    |  + state_buffer_top_0_s                                |     -|  0.19|        -|       -|         -|        -|     -|        no|  4 (~0%)|   -|   601 (~0%)|  1126 (~0%)|    -|
    |   + state_buffer_top_0_Pipeline_VITIS_LOOP_131_1       |     -|  0.19|        -|       -|         -|        -|     -|        no|        -|   -|   168 (~0%)|   203 (~0%)|    -|
    |    o VITIS_LOOP_131_1                                  |    II|  3.65|        -|       -|         3|        2|     -|       yes|        -|   -|           -|           -|    -|
    |   o VITIS_LOOP_75_1                                    |     -|  3.65|        -|       -|         -|        -|     -|        no|        -|   -|           -|           -|    -|
    |    + state_buffer_top_0_Pipeline_VITIS_LOOP_81_2       |     -|  0.66|        -|       -|         -|        -|     -|        no|        -|   -|    66 (~0%)|   241 (~0%)|    -|
    |     o VITIS_LOOP_81_2                                  |    II|  3.65|        -|       -|         4|        3|     -|       yes|        -|   -|           -|           -|    -|
    |  + event_processor_top_0_s                             |     -|  0.20|        6|  30.000|         -|        6|     -|        no|        -|   -|   152 (~0%)|   339 (~0%)|    -|
    |   + process_event                                      |     -|  0.20|        4|  20.000|         -|        4|     -|        no|        -|   -|    41 (~0%)|   266 (~0%)|    -|
    |  + cancellation_unit_top_0_s                           |     -|  0.19|        -|       -|         -|        -|     -|        no|  6 (~0%)|   -|   540 (~0%)|  1175 (~0%)|    -|
    |   + cancellation_unit_top_0_Pipeline_VITIS_LOOP_58_1   |     -|  0.19|        -|       -|         -|        -|     -|        no|        -|   -|   270 (~0%)|   314 (~0%)|    -|
    |    o VITIS_LOOP_58_1                                   |    II|  3.65|        -|       -|         3|        2|     -|       yes|        -|   -|           -|           -|    -|
    |   o VITIS_LOOP_88_1                                    |     -|  3.65|        -|       -|         -|        -|     -|        no|        -|   -|           -|           -|    -|
    |    + cancellation_unit_top_0_Pipeline_VITIS_LOOP_93_2  |     -|  0.19|        -|       -|         -|        -|     -|        no|        -|   -|    80 (~0%)|   200 (~0%)|    -|
    |     o VITIS_LOOP_93_2                                  |    II|  3.65|        -|       -|         3|        3|     -|       yes|        -|   -|           -|           -|    -|
    | + lpcore_kernel_1_s*                                   |     -|  0.00|        -|       -|         -|        -|     -|  dataflow|  17 (2%)|   -|   4817 (1%)|   7716 (3%)|    -|
    |  + lpcore_control_top_1_s*                             |     -|  0.00|        0|   0.000|         -|        1|     -|  dataflow|        -|   -|     4 (~0%)|    94 (~0%)|    -|
    |   + lpcore_rollback_control_1                          |     -|  0.00|        0|   0.000|         -|        0|     -|        no|        -|   -|     2 (~0%)|    47 (~0%)|    -|
    |   + lpcore_commit_control_2                            |     -|  0.19|        0|   0.000|         -|        0|     -|        no|        -|   -|     2 (~0%)|    47 (~0%)|    -|
    |  + event_queue_top_1_s                                 |     -|  0.16|        -|       -|         -|        -|     -|        no|   7 (1%)|   -|  2431 (~0%)|   4245 (1%)|    -|
    |   + commit                                             |     -|  0.19|        -|       -|         -|        -|     -|        no|        -|   -|  1129 (~0%)|  1842 (~0%)|    -|
    |    + commit_Pipeline_VITIS_LOOP_237_2                  |     -|  0.19|        -|       -|         -|        -|     -|        no|        -|   -|   248 (~0%)|   317 (~0%)|    -|
    |     o VITIS_LOOP_237_2                                 |    II|  3.65|        -|       -|         4|        3|     -|       yes|        -|   -|           -|           -|    -|
    |    + commit_Pipeline_VITIS_LOOP_237_21                 |     -|  0.19|        -|       -|         -|        -|     -|        no|        -|   -|   247 (~0%)|   317 (~0%)|    -|
    |     o VITIS_LOOP_237_2                                 |    II|  3.65|        -|       -|         4|        3|     -|       yes|        -|   -|           -|           -|    -|
    |    + commit_Pipeline_VITIS_LOOP_237_22                 |     -|  0.19|        -|       -|         -|        -|     -|        no|        -|   -|   247 (~0%)|   317 (~0%)|    -|
    |     o VITIS_LOOP_237_2                                 |    II|  3.65|        -|       -|         4|        3|     -|       yes|        -|   -|           -|           -|    -|
    |    + commit_Pipeline_VITIS_LOOP_237_23                 |     -|  0.19|        -|       -|         -|        -|     -|        no|        -|   -|   246 (~0%)|   317 (~0%)|    -|
    |     o VITIS_LOOP_237_2                                 |    II|  3.65|        -|       -|         4|        3|     -|       yes|        -|   -|           -|           -|    -|
    |   + event_queue_top_1_Pipeline_VITIS_LOOP_205_1        |     -|  0.55|        8|  40.000|         -|        8|     -|        no|        -|   -|    81 (~0%)|   204 (~0%)|    -|
    |    o VITIS_LOOP_205_1                                  |     -|  3.65|        6|  30.000|         3|        1|     4|       yes|        -|   -|           -|           -|    -|
    |   + enqueue                                            |     -|  0.16|        -|       -|         -|        -|     -|        no|        -|   -|   244 (~0%)|   456 (~0%)|    -|
    |    o VITIS_LOOP_122_1                                  |     -|  3.65|        -|       -|         3|        -|     -|        no|        -|   -|           -|           -|    -|
    |   + event_queue_top_1_Pipeline_VITIS_LOOP_271_1        |     -|  0.75|        -|       -|         -|        -|     -|        no|        -|   -|   117 (~0%)|   214 (~0%)|    -|
    |    o VITIS_LOOP_271_1                                  |    II|  3.65|        -|       -|         5|        3|     -|       yes|        -|   -|           -|           -|    -|
    |   o VITIS_LOOP_294_1                                   |     -|  3.65|        -|       -|         7|        -|     -|        no|        -|   -|           -|           -|    -|
    |  + state_buffer_top_1_s                                |     -|  0.19|        -|       -|         -|        -|     -|        no|  4 (~0%)|   -|   601 (~0%)|  1126 (~0%)|    -|
    |   + state_buffer_top_1_Pipeline_VITIS_LOOP_131_1       |     -|  0.19|        -|       -|         -|        -|     -|        no|        -|   -|   168 (~0%)|   203 (~0%)|    -|
    |    o VITIS_LOOP_131_1                                  |    II|  3.65|        -|       -|         3|        2|     -|       yes|        -|   -|           -|           -|    -|
    |   o VITIS_LOOP_75_1                                    |     -|  3.65|        -|       -|         -|        -|     -|        no|        -|   -|           -|           -|    -|
    |    + state_buffer_top_1_Pipeline_VITIS_LOOP_81_2       |     -|  0.66|        -|       -|         -|        -|     -|        no|        -|   -|    66 (~0%)|   241 (~0%)|    -|
    |     o VITIS_LOOP_81_2                                  |    II|  3.65|        -|       -|         4|        3|     -|       yes|        -|   -|           -|           -|    -|
    |  + event_processor_top_1_s                             |     -|  0.20|        6|  30.000|         -|        6|     -|        no|        -|   -|   152 (~0%)|   339 (~0%)|    -|
    |   + process_event                                      |     -|  0.20|        4|  20.000|         -|        4|     -|        no|        -|   -|    41 (~0%)|   266 (~0%)|    -|
    |  + cancellation_unit_top_1_s                           |     -|  0.19|        -|       -|         -|        -|     -|        no|  6 (~0%)|   -|   540 (~0%)|  1175 (~0%)|    -|
    |   + cancellation_unit_top_1_Pipeline_VITIS_LOOP_58_1   |     -|  0.19|        -|       -|         -|        -|     -|        no|        -|   -|   270 (~0%)|   314 (~0%)|    -|
    |    o VITIS_LOOP_58_1                                   |    II|  3.65|        -|       -|         3|        2|     -|       yes|        -|   -|           -|           -|    -|
    |   o VITIS_LOOP_88_1                                    |     -|  3.65|        -|       -|         -|        -|     -|        no|        -|   -|           -|           -|    -|
    |    + cancellation_unit_top_1_Pipeline_VITIS_LOOP_93_2  |     -|  0.19|        -|       -|         -|        -|     -|        no|        -|   -|    80 (~0%)|   200 (~0%)|    -|
    |     o VITIS_LOOP_93_2                                  |    II|  3.65|        -|       -|         3|        3|     -|       yes|        -|   -|           -|           -|    -|
    +--------------------------------------------------------+------+------+---------+--------+----------+---------+------+----------+---------+----+------------+------------+-----+


================================================================
== HW Interfaces
================================================================
* AP_FIFO
+------------------------------------------+------------+
| Interface                                | Data Width |
+------------------------------------------+------------+
| lpcore_anti_message_stream_0             | 129        |
| lpcore_anti_message_stream_1             | 129        |
| lpcore_cancellation_unit_output_stream_0 | 129        |
| lpcore_cancellation_unit_output_stream_1 | 129        |
| lpcore_commit_time_stream_0              | 32         |
| lpcore_commit_time_stream_1              | 32         |
| lpcore_enqueue_event_stream_0            | 129        |
| lpcore_enqueue_event_stream_1            | 129        |
| lpcore_event_queue_full_stream_0         | 1          |
| lpcore_event_queue_full_stream_1         | 1          |
| lpcore_init_event_stream_0               | 129        |
| lpcore_init_event_stream_1               | 129        |
| lpcore_output_event_stream_0             | 129        |
| lpcore_output_event_stream_1             | 129        |
+------------------------------------------+------------+

* TOP LEVEL CONTROL
+-----------+--------------+--------+
| Interface | Type         | Ports  |
+-----------+--------------+--------+
| ap_clk    | clock        | ap_clk |
| ap_rst    | reset        | ap_rst |
| ap_ctrl   | ap_ctrl_none |        |
+-----------+--------------+--------+


================================================================
== SW I/O Information
================================================================
* Top Function Arguments
+----------------------------------------+-----------+---------------------------+
| Argument                               | Direction | Datatype                  |
+----------------------------------------+-----------+---------------------------+
| lpcore_init_event_stream               | in        | stream<TimeWarpEvent, 0>* |
| lpcore_event_queue_full_stream         | out       | stream<bool, 0>*          |
| lpcore_anti_message_stream             | in        | stream<TimeWarpEvent, 0>* |
| lpcore_enqueue_event_stream            | in        | stream<TimeWarpEvent, 0>* |
| lpcore_output_event_stream             | out       | stream<TimeWarpEvent, 0>* |
| lpcore_cancellation_unit_output_stream | out       | stream<TimeWarpEvent, 0>* |
| lpcore_commit_time_stream              | in        | stream<ap_int<32>, 0>*    |
+----------------------------------------+-----------+---------------------------+

* SW-to-HW Mapping
+----------------------------------------+------------------------------------------+-----------+
| Argument                               | HW Interface                             | HW Type   |
+----------------------------------------+------------------------------------------+-----------+
| lpcore_init_event_stream               | lpcore_init_event_stream_0               | interface |
| lpcore_init_event_stream               | lpcore_init_event_stream_1               | interface |
| lpcore_event_queue_full_stream         | lpcore_event_queue_full_stream_0         | interface |
| lpcore_event_queue_full_stream         | lpcore_event_queue_full_stream_1         | interface |
| lpcore_anti_message_stream             | lpcore_anti_message_stream_0             | interface |
| lpcore_anti_message_stream             | lpcore_anti_message_stream_1             | interface |
| lpcore_enqueue_event_stream            | lpcore_enqueue_event_stream_0            | interface |
| lpcore_enqueue_event_stream            | lpcore_enqueue_event_stream_1            | interface |
| lpcore_output_event_stream             | lpcore_output_event_stream_0             | interface |
| lpcore_output_event_stream             | lpcore_output_event_stream_1             | interface |
| lpcore_cancellation_unit_output_stream | lpcore_cancellation_unit_output_stream_0 | interface |
| lpcore_cancellation_unit_output_stream | lpcore_cancellation_unit_output_stream_1 | interface |
| lpcore_commit_time_stream              | lpcore_commit_time_stream_0              | interface |
| lpcore_commit_time_stream              | lpcore_commit_time_stream_1              | interface |
+----------------------------------------+------------------------------------------+-----------+


================================================================
== M_AXI Burst Information
================================================================
 Note: All burst requests might be further partitioned into multiple requests during RTL generation based on max_read_burst_length or max_write_burst_length settings.

  No burst in design

================================================================
== Bind Op Report
================================================================
+----------------------------------------------------------------------------------------+-----+--------+-----------------------+-----+--------+---------+
| Name                                                                                   | DSP | Pragma | Variable              | Op  | Impl   | Latency |
+----------------------------------------------------------------------------------------+-----+--------+-----------------------+-----+--------+---------+
| + simulation_top                                                                       | 0   |        |                       |     |        |         |
|  + lpcore_kernel_0_s                                                                   | 0   |        |                       |     |        |         |
|   + event_queue_top_0_s                                                                | 0   |        |                       |     |        |         |
|     grp_fu_603_p2                                                                      | -   |        | add_ln887             | add | fabric | 0       |
|     grp_fu_603_p2                                                                      | -   |        | add_ln887_3           | add | fabric | 0       |
|     add_ln887_4_fu_1033_p2                                                             | -   |        | add_ln887_4           | add | fabric | 0       |
|    + commit (grp_commit_fu_513)                                                        | 0   |        |                       |     |        |         |
|     + commit_Pipeline_VITIS_LOOP_237_2 (grp_commit_Pipeline_VITIS_LOOP_237_2_fu_82)    | 0   |        |                       |     |        |         |
|       add_ln887_fu_267_p2                                                              | -   |        | add_ln887             | add | fabric | 0       |
|     + commit_Pipeline_VITIS_LOOP_237_21 (grp_commit_Pipeline_VITIS_LOOP_237_21_fu_104) | 0   |        |                       |     |        |         |
|       add_ln887_fu_269_p2                                                              | -   |        | add_ln887             | add | fabric | 0       |
|     + commit_Pipeline_VITIS_LOOP_237_22 (grp_commit_Pipeline_VITIS_LOOP_237_22_fu_123) | 0   |        |                       |     |        |         |
|       add_ln887_fu_269_p2                                                              | -   |        | add_ln887             | add | fabric | 0       |
|     + commit_Pipeline_VITIS_LOOP_237_23 (grp_commit_Pipeline_VITIS_LOOP_237_23_fu_142) | 0   |        |                       |     |        |         |
|       add_ln887_fu_269_p2                                                              | -   |        | add_ln887             | add | fabric | 0       |
|    + event_queue_top_0_Pipeline_VITIS_LOOP_205_1                                       | 0   |        |                       |     |        |         |
|      add_ln886_fu_109_p2                                                               | -   |        | add_ln886             | add | fabric | 0       |
|    + enqueue (grp_enqueue_fu_540)                                                      | 0   |        |                       |     |        |         |
|      add_ln886_fu_509_p2                                                               | -   |        | add_ln886             | add | fabric | 0       |
|      add_ln886_5_fu_515_p2                                                             | -   |        | add_ln886_5           | add | fabric | 0       |
|    + event_queue_top_0_Pipeline_VITIS_LOOP_271_1                                       | 0   |        |                       |     |        |         |
|      add_ln886_fu_169_p2                                                               | -   |        | add_ln886             | add | fabric | 0       |
|   + state_buffer_top_0_s                                                               | 0   |        |                       |     |        |         |
|     add_ln886_4_fu_422_p2                                                              | -   |        | add_ln886_4           | add | fabric | 0       |
|     sub_ln887_4_fu_445_p2                                                              | -   |        | sub_ln887_4           | sub | fabric | 0       |
|     add_ln886_fu_572_p2                                                                | -   |        | add_ln886             | add | fabric | 0       |
|     add_ln886_3_fu_551_p2                                                              | -   |        | add_ln886_3           | add | fabric | 0       |
|     sub_ln887_fu_599_p2                                                                | -   |        | sub_ln887             | sub | fabric | 0       |
|     sub_ln887_3_fu_588_p2                                                              | -   |        | sub_ln887_3           | sub | fabric | 0       |
|    + state_buffer_top_0_Pipeline_VITIS_LOOP_81_2                                       | 0   |        |                       |     |        |         |
|      removed_V_fu_197_p2                                                               | -   |        | removed_V             | add | fabric | 0       |
|      state_buffer_lp_sizes_V_1_d0                                                      | -   |        | add_ln887             | add | fabric | 0       |
|    + state_buffer_top_0_Pipeline_VITIS_LOOP_131_1                                      | 0   |        |                       |     |        |         |
|      removed_V_4_fu_170_p2                                                             | -   |        | removed_V_4           | add | fabric | 0       |
|   + event_processor_top_0_s                                                            | 0   |        |                       |     |        |         |
|    + process_event (grp_process_event_fu_66)                                           | 0   |        |                       |     |        |         |
|      sub_ln10_fu_197_p2                                                                | -   |        | sub_ln10              | sub | fabric | 0       |
|      sub_ln10_1_fu_217_p2                                                              | -   |        | sub_ln10_1            | sub | fabric | 0       |
|      new_event_recv_time_V_fu_429_p2                                                   | -   |        | new_event_recv_time_V | add | fabric | 0       |
|   + cancellation_unit_top_0_s                                                          | 0   |        |                       |     |        |         |
|     add_ln886_9_fu_486_p2                                                              | -   |        | add_ln886_9           | add | fabric | 0       |
|     sub_ln887_fu_509_p2                                                                | -   |        | sub_ln887             | sub | fabric | 0       |
|     add_ln886_fu_527_p2                                                                | -   |        | add_ln886             | add | fabric | 0       |
|     add_ln886_8_fu_442_p2                                                              | -   |        | add_ln886_8           | add | fabric | 0       |
|    + cancellation_unit_top_0_Pipeline_VITIS_LOOP_93_2                                  | 0   |        |                       |     |        |         |
|      removed_V_fu_184_p2                                                               | -   |        | removed_V             | add | fabric | 0       |
|      cancellation_unit_lp_sizes_V_1_d0                                                 | -   |        | add_ln887             | add | fabric | 0       |
|    + cancellation_unit_top_0_Pipeline_VITIS_LOOP_58_1                                  | 0   |        |                       |     |        |         |
|      cancellation_unit_lp_sizes_V_1_d0                                                 | -   |        | add_ln887             | add | fabric | 0       |
|      add_ln887_6_fu_310_p2                                                             | -   |        | add_ln887_6           | add | fabric | 0       |
|  + lpcore_kernel_1_s                                                                   | 0   |        |                       |     |        |         |
|   + event_queue_top_1_s                                                                | 0   |        |                       |     |        |         |
|     grp_fu_603_p2                                                                      | -   |        | add_ln887             | add | fabric | 0       |
|     grp_fu_603_p2                                                                      | -   |        | add_ln887_1           | add | fabric | 0       |
|     add_ln887_2_fu_1033_p2                                                             | -   |        | add_ln887_2           | add | fabric | 0       |
|    + commit (grp_commit_fu_513)                                                        | 0   |        |                       |     |        |         |
|     + commit_Pipeline_VITIS_LOOP_237_2 (grp_commit_Pipeline_VITIS_LOOP_237_2_fu_82)    | 0   |        |                       |     |        |         |
|       add_ln887_fu_267_p2                                                              | -   |        | add_ln887             | add | fabric | 0       |
|     + commit_Pipeline_VITIS_LOOP_237_21 (grp_commit_Pipeline_VITIS_LOOP_237_21_fu_104) | 0   |        |                       |     |        |         |
|       add_ln887_fu_269_p2                                                              | -   |        | add_ln887             | add | fabric | 0       |
|     + commit_Pipeline_VITIS_LOOP_237_22 (grp_commit_Pipeline_VITIS_LOOP_237_22_fu_123) | 0   |        |                       |     |        |         |
|       add_ln887_fu_269_p2                                                              | -   |        | add_ln887             | add | fabric | 0       |
|     + commit_Pipeline_VITIS_LOOP_237_23 (grp_commit_Pipeline_VITIS_LOOP_237_23_fu_142) | 0   |        |                       |     |        |         |
|       add_ln887_fu_269_p2                                                              | -   |        | add_ln887             | add | fabric | 0       |
|    + event_queue_top_1_Pipeline_VITIS_LOOP_205_1                                       | 0   |        |                       |     |        |         |
|      add_ln886_fu_109_p2                                                               | -   |        | add_ln886             | add | fabric | 0       |
|    + enqueue (grp_enqueue_fu_540)                                                      | 0   |        |                       |     |        |         |
|      add_ln886_fu_509_p2                                                               | -   |        | add_ln886             | add | fabric | 0       |
|      add_ln886_5_fu_515_p2                                                             | -   |        | add_ln886_5           | add | fabric | 0       |
|    + event_queue_top_1_Pipeline_VITIS_LOOP_271_1                                       | 0   |        |                       |     |        |         |
|      add_ln886_fu_169_p2                                                               | -   |        | add_ln886             | add | fabric | 0       |
|   + state_buffer_top_1_s                                                               | 0   |        |                       |     |        |         |
|     add_ln886_2_fu_422_p2                                                              | -   |        | add_ln886_2           | add | fabric | 0       |
|     sub_ln887_2_fu_445_p2                                                              | -   |        | sub_ln887_2           | sub | fabric | 0       |
|     add_ln886_fu_572_p2                                                                | -   |        | add_ln886             | add | fabric | 0       |
|     add_ln886_1_fu_551_p2                                                              | -   |        | add_ln886_1           | add | fabric | 0       |
|     sub_ln887_fu_599_p2                                                                | -   |        | sub_ln887             | sub | fabric | 0       |
|     sub_ln887_1_fu_588_p2                                                              | -   |        | sub_ln887_1           | sub | fabric | 0       |
|    + state_buffer_top_1_Pipeline_VITIS_LOOP_81_2                                       | 0   |        |                       |     |        |         |
|      removed_V_fu_197_p2                                                               | -   |        | removed_V             | add | fabric | 0       |
|      state_buffer_lp_sizes_V_d0                                                        | -   |        | add_ln887             | add | fabric | 0       |
|    + state_buffer_top_1_Pipeline_VITIS_LOOP_131_1                                      | 0   |        |                       |     |        |         |
|      removed_V_2_fu_170_p2                                                             | -   |        | removed_V_2           | add | fabric | 0       |
|   + event_processor_top_1_s                                                            | 0   |        |                       |     |        |         |
|    + process_event (grp_process_event_fu_66)                                           | 0   |        |                       |     |        |         |
|      sub_ln10_fu_197_p2                                                                | -   |        | sub_ln10              | sub | fabric | 0       |
|      sub_ln10_1_fu_217_p2                                                              | -   |        | sub_ln10_1            | sub | fabric | 0       |
|      new_event_recv_time_V_fu_429_p2                                                   | -   |        | new_event_recv_time_V | add | fabric | 0       |
|   + cancellation_unit_top_1_s                                                          | 0   |        |                       |     |        |         |
|     add_ln886_7_fu_486_p2                                                              | -   |        | add_ln886_7           | add | fabric | 0       |
|     sub_ln887_fu_509_p2                                                                | -   |        | sub_ln887             | sub | fabric | 0       |
|     add_ln886_fu_527_p2                                                                | -   |        | add_ln886             | add | fabric | 0       |
|     add_ln886_6_fu_442_p2                                                              | -   |        | add_ln886_6           | add | fabric | 0       |
|    + cancellation_unit_top_1_Pipeline_VITIS_LOOP_93_2                                  | 0   |        |                       |     |        |         |
|      removed_V_fu_184_p2                                                               | -   |        | removed_V             | add | fabric | 0       |
|      cancellation_unit_lp_sizes_V_d0                                                   | -   |        | add_ln887             | add | fabric | 0       |
|    + cancellation_unit_top_1_Pipeline_VITIS_LOOP_58_1                                  | 0   |        |                       |     |        |         |
|      cancellation_unit_lp_sizes_V_d0                                                   | -   |        | add_ln887             | add | fabric | 0       |
|      add_ln887_5_fu_310_p2                                                             | -   |        | add_ln887_5           | add | fabric | 0       |
+----------------------------------------------------------------------------------------+-----+--------+-----------------------+-----+--------+---------+


================================================================
== Bind Storage Report
================================================================
+------------------------------------------------------+------+------+--------+------------------------------------------------+---------+------+---------+
| Name                                                 | BRAM | URAM | Pragma | Variable                                       | Storage | Impl | Latency |
+------------------------------------------------------+------+------+--------+------------------------------------------------+---------+------+---------+
| + simulation_top                                     | 34   | 0    |        |                                                |         |      |         |
|  + lpcore_kernel_0_s                                 | 17   | 0    |        |                                                |         |      |         |
|    causality_violation_stream_U                      | -    | -    |        | causality_violation_stream                     | fifo    | srl  | 0       |
|    issued_event_stream_U                             | -    | -    |        | issued_event_stream                            | fifo    | srl  | 0       |
|    state_buffer_input_stream_U                       | -    | -    |        | state_buffer_input_stream                      | fifo    | srl  | 0       |
|    event_processor_input_stream_U                    | -    | -    |        | event_processor_input_stream                   | fifo    | srl  | 0       |
|    cancellation_unit_input_stream_U                  | -    | -    |        | cancellation_unit_input_stream                 | fifo    | srl  | 0       |
|    event_queue_rollback_info_stream_U                | -    | -    |        | event_queue_rollback_info_stream               | fifo    | srl  | 0       |
|    state_buffer_rollback_info_stream_U               | -    | -    |        | state_buffer_rollback_info_stream              | fifo    | srl  | 0       |
|    cancellation_unit_rollback_info_stream_U          | -    | -    |        | cancellation_unit_rollback_info_stream         | fifo    | srl  | 0       |
|    event_queue_commit_time_stream_U                  | -    | -    |        | event_queue_commit_time_stream                 | fifo    | srl  | 0       |
|    state_buffer_commit_time_stream_U                 | -    | -    |        | state_buffer_commit_time_stream                | fifo    | srl  | 0       |
|    cancellation_unit_commit_time_stream_U            | -    | -    |        | cancellation_unit_commit_time_stream           | fifo    | srl  | 0       |
|   + event_queue_top_0_s                              | 7    | 0    |        |                                                |         |      |         |
|     event_queue_buffer_event_send_time_V_1_U         | 1    | -    |        | event_queue_buffer_event_send_time_V_1         | ram_1p  | auto | 1       |
|     event_queue_buffer_event_recv_time_V_1_U         | 2    | -    |        | event_queue_buffer_event_recv_time_V_1         | ram_s2p | auto | 1       |
|     event_queue_buffer_event_data_V_1_U              | 1    | -    |        | event_queue_buffer_event_data_V_1              | ram_1p  | auto | 1       |
|     event_queue_buffer_event_sender_id_V_1_U         | 1    | -    |        | event_queue_buffer_event_sender_id_V_1         | ram_1p  | auto | 1       |
|     event_queue_buffer_event_receiver_id_V_1_U       | 1    | -    |        | event_queue_buffer_event_receiver_id_V_1       | ram_1p  | auto | 1       |
|     event_queue_buffer_event_is_anti_message_V_1_U   | -    | -    |        | event_queue_buffer_event_is_anti_message_V_1   | ram_1p  | auto | 1       |
|     event_queue_buffer_is_issued_V_1_U               | -    | -    |        | event_queue_buffer_is_issued_V_1               | ram_1p  | auto | 1       |
|     event_queue_buffer_next_V_1_U                    | 1    | -    |        | event_queue_buffer_next_V_1                    | ram_1p  | auto | 1       |
|     event_queue_lp_heads_V_1_U                       | -    | -    |        | event_queue_lp_heads_V_1                       | ram_s2p | auto | 1       |
|     event_queue_lp_tails_V_1_U                       | -    | -    |        | event_queue_lp_tails_V_1                       | ram_1p  | auto | 1       |
|     event_queue_lp_oldest_unissued_V_1_U             | -    | -    |        | event_queue_lp_oldest_unissued_V_1             | ram_1p  | auto | 1       |
|     event_queue_lvt_V_1_U                            | -    | -    |        | event_queue_lvt_V_1                            | ram_1p  | auto | 1       |
|     event_queue_lp_youngest_issued_V_1_U             | -    | -    |        | event_queue_lp_youngest_issued_V_1             | ram_1p  | auto | 1       |
|   + state_buffer_top_0_s                             | 4    | 0    |        |                                                |         |      |         |
|     state_buffer_lp_heads_V_1_U                      | -    | -    |        | state_buffer_lp_heads_V_1                      | ram_1p  | auto | 1       |
|     state_buffer_buffer_next_V_1_U                   | 1    | -    |        | state_buffer_buffer_next_V_1                   | ram_1p  | auto | 1       |
|     state_buffer_buffer_state_lvt_V_1_U              | 1    | -    |        | state_buffer_buffer_state_lvt_V_1              | ram_1p  | auto | 1       |
|     state_buffer_lp_sizes_V_1_U                      | -    | -    |        | state_buffer_lp_sizes_V_1                      | ram_1p  | auto | 1       |
|     state_buffer_buffer_state_lp_id_V_1_U            | 1    | -    |        | state_buffer_buffer_state_lp_id_V_1            | ram_1p  | auto | 1       |
|     state_buffer_buffer_state_rng_state_V_1_U        | 1    | -    |        | state_buffer_buffer_state_rng_state_V_1        | ram_1p  | auto | 1       |
|   + event_processor_top_0_s                          | 0    | 0    |        |                                                |         |      |         |
|     event_processor_prng_generators_state_V_1_U      | -    | -    |        | event_processor_prng_generators_state_V_1      | ram_1p  | auto | 1       |
|   + cancellation_unit_top_0_s                        | 6    | 0    |        |                                                |         |      |         |
|     cancellation_unit_lp_heads_V_1_U                 | -    | -    |        | cancellation_unit_lp_heads_V_1                 | ram_1p  | auto | 1       |
|     cancellation_unit_buffer_event_recv_time_V_1_U   | 1    | -    |        | cancellation_unit_buffer_event_recv_time_V_1   | ram_1p  | auto | 1       |
|     cancellation_unit_buffer_event_data_V_1_U        | 1    | -    |        | cancellation_unit_buffer_event_data_V_1        | ram_1p  | auto | 1       |
|     cancellation_unit_buffer_event_sender_id_V_1_U   | 1    | -    |        | cancellation_unit_buffer_event_sender_id_V_1   | ram_1p  | auto | 1       |
|     cancellation_unit_buffer_event_receiver_id_V_1_U | 1    | -    |        | cancellation_unit_buffer_event_receiver_id_V_1 | ram_1p  | auto | 1       |
|     cancellation_unit_buffer_next_V_1_U              | 1    | -    |        | cancellation_unit_buffer_next_V_1              | ram_1p  | auto | 1       |
|     cancellation_unit_lp_sizes_V_1_U                 | -    | -    |        | cancellation_unit_lp_sizes_V_1                 | ram_1p  | auto | 1       |
|     cancellation_unit_buffer_event_send_time_V_1_U   | 1    | -    |        | cancellation_unit_buffer_event_send_time_V_1   | ram_1p  | auto | 1       |
|  + lpcore_kernel_1_s                                 | 17   | 0    |        |                                                |         |      |         |
|    causality_violation_stream_U                      | -    | -    |        | causality_violation_stream                     | fifo    | srl  | 0       |
|    issued_event_stream_U                             | -    | -    |        | issued_event_stream                            | fifo    | srl  | 0       |
|    state_buffer_input_stream_U                       | -    | -    |        | state_buffer_input_stream                      | fifo    | srl  | 0       |
|    event_processor_input_stream_U                    | -    | -    |        | event_processor_input_stream                   | fifo    | srl  | 0       |
|    cancellation_unit_input_stream_U                  | -    | -    |        | cancellation_unit_input_stream                 | fifo    | srl  | 0       |
|    event_queue_rollback_info_stream_U                | -    | -    |        | event_queue_rollback_info_stream               | fifo    | srl  | 0       |
|    state_buffer_rollback_info_stream_U               | -    | -    |        | state_buffer_rollback_info_stream              | fifo    | srl  | 0       |
|    cancellation_unit_rollback_info_stream_U          | -    | -    |        | cancellation_unit_rollback_info_stream         | fifo    | srl  | 0       |
|    event_queue_commit_time_stream_U                  | -    | -    |        | event_queue_commit_time_stream                 | fifo    | srl  | 0       |
|    state_buffer_commit_time_stream_U                 | -    | -    |        | state_buffer_commit_time_stream                | fifo    | srl  | 0       |
|    cancellation_unit_commit_time_stream_U            | -    | -    |        | cancellation_unit_commit_time_stream           | fifo    | srl  | 0       |
|   + event_queue_top_1_s                              | 7    | 0    |        |                                                |         |      |         |
|     event_queue_buffer_event_send_time_V_U           | 1    | -    |        | event_queue_buffer_event_send_time_V           | ram_1p  | auto | 1       |
|     event_queue_buffer_event_recv_time_V_U           | 2    | -    |        | event_queue_buffer_event_recv_time_V           | ram_s2p | auto | 1       |
|     event_queue_buffer_event_data_V_U                | 1    | -    |        | event_queue_buffer_event_data_V                | ram_1p  | auto | 1       |
|     event_queue_buffer_event_sender_id_V_U           | 1    | -    |        | event_queue_buffer_event_sender_id_V           | ram_1p  | auto | 1       |
|     event_queue_buffer_event_receiver_id_V_U         | 1    | -    |        | event_queue_buffer_event_receiver_id_V         | ram_1p  | auto | 1       |
|     event_queue_buffer_event_is_anti_message_V_U     | -    | -    |        | event_queue_buffer_event_is_anti_message_V     | ram_1p  | auto | 1       |
|     event_queue_buffer_is_issued_V_U                 | -    | -    |        | event_queue_buffer_is_issued_V                 | ram_1p  | auto | 1       |
|     event_queue_buffer_next_V_U                      | 1    | -    |        | event_queue_buffer_next_V                      | ram_1p  | auto | 1       |
|     event_queue_lp_heads_V_U                         | -    | -    |        | event_queue_lp_heads_V                         | ram_s2p | auto | 1       |
|     event_queue_lp_tails_V_U                         | -    | -    |        | event_queue_lp_tails_V                         | ram_1p  | auto | 1       |
|     event_queue_lp_oldest_unissued_V_U               | -    | -    |        | event_queue_lp_oldest_unissued_V               | ram_1p  | auto | 1       |
|     event_queue_lvt_V_U                              | -    | -    |        | event_queue_lvt_V                              | ram_1p  | auto | 1       |
|     event_queue_lp_youngest_issued_V_U               | -    | -    |        | event_queue_lp_youngest_issued_V               | ram_1p  | auto | 1       |
|   + state_buffer_top_1_s                             | 4    | 0    |        |                                                |         |      |         |
|     state_buffer_lp_heads_V_U                        | -    | -    |        | state_buffer_lp_heads_V                        | ram_1p  | auto | 1       |
|     state_buffer_buffer_next_V_U                     | 1    | -    |        | state_buffer_buffer_next_V                     | ram_1p  | auto | 1       |
|     state_buffer_buffer_state_lvt_V_U                | 1    | -    |        | state_buffer_buffer_state_lvt_V                | ram_1p  | auto | 1       |
|     state_buffer_lp_sizes_V_U                        | -    | -    |        | state_buffer_lp_sizes_V                        | ram_1p  | auto | 1       |
|     state_buffer_buffer_state_lp_id_V_U              | 1    | -    |        | state_buffer_buffer_state_lp_id_V              | ram_1p  | auto | 1       |
|     state_buffer_buffer_state_rng_state_V_U          | 1    | -    |        | state_buffer_buffer_state_rng_state_V          | ram_1p  | auto | 1       |
|   + event_processor_top_1_s                          | 0    | 0    |        |                                                |         |      |         |
|     event_processor_prng_generators_state_V_U        | -    | -    |        | event_processor_prng_generators_state_V        | ram_1p  | auto | 1       |
|   + cancellation_unit_top_1_s                        | 6    | 0    |        |                                                |         |      |         |
|     cancellation_unit_lp_heads_V_U                   | -    | -    |        | cancellation_unit_lp_heads_V                   | ram_1p  | auto | 1       |
|     cancellation_unit_buffer_event_recv_time_V_U     | 1    | -    |        | cancellation_unit_buffer_event_recv_time_V     | ram_1p  | auto | 1       |
|     cancellation_unit_buffer_event_data_V_U          | 1    | -    |        | cancellation_unit_buffer_event_data_V          | ram_1p  | auto | 1       |
|     cancellation_unit_buffer_event_sender_id_V_U     | 1    | -    |        | cancellation_unit_buffer_event_sender_id_V     | ram_1p  | auto | 1       |
|     cancellation_unit_buffer_event_receiver_id_V_U   | 1    | -    |        | cancellation_unit_buffer_event_receiver_id_V   | ram_1p  | auto | 1       |
|     cancellation_unit_buffer_next_V_U                | 1    | -    |        | cancellation_unit_buffer_next_V                | ram_1p  | auto | 1       |
|     cancellation_unit_lp_sizes_V_U                   | -    | -    |        | cancellation_unit_lp_sizes_V                   | ram_1p  | auto | 1       |
|     cancellation_unit_buffer_event_send_time_V_U     | 1    | -    |        | cancellation_unit_buffer_event_send_time_V     | ram_1p  | auto | 1       |
+------------------------------------------------------+------+------+--------+------------------------------------------------+---------+------+---------+


================================================================
== Pragma Report
================================================================
* Valid Pragma Syntax
+------------+-------------------------------+----------------------------------------------------------+
| Type       | Options                       | Location                                                 |
+------------+-------------------------------+----------------------------------------------------------+
| interface  | ap_ctrl_hs port = return      | cpp/CancellationUnit.cpp:148 in cancellation_unit_kernel |
| interface  | ap_none port = op             | cpp/CancellationUnit.cpp:149 in cancellation_unit_kernel |
| interface  | ap_none port = event          | cpp/CancellationUnit.cpp:150 in cancellation_unit_kernel |
| interface  | ap_vld port = result          | cpp/CancellationUnit.cpp:151 in cancellation_unit_kernel |
| interface  | ap_vld port = success         | cpp/CancellationUnit.cpp:152 in cancellation_unit_kernel |
| pipeline   | off                           | cpp/EventQueue.cpp:124 in enqueue                        |
| unroll     |                               | cpp/EventQueue.cpp:236 in commit                         |
| dependence | variable = buffer inter false | cpp/EventQueue.cpp:273 in rollback                       |
| pipeline   | off                           | cpp/EventQueue.cpp:296 in process_anti_message           |
| interface  | ap_ctrl_chain port = return   | cpp/EventQueue.cpp:391 in event_queue_kernel             |
| interface  | ap_vld port = op              | cpp/EventQueue.cpp:392 in event_queue_kernel             |
| interface  | ap_vld port = event           | cpp/EventQueue.cpp:393 in event_queue_kernel             |
| interface  | ap_vld port = lp_id           | cpp/EventQueue.cpp:394 in event_queue_kernel             |
| interface  | ap_vld port = time            | cpp/EventQueue.cpp:395 in event_queue_kernel             |
| interface  | ap_vld port = result_entry    | cpp/EventQueue.cpp:396 in event_queue_kernel             |
| interface  | ap_vld port = success         | cpp/EventQueue.cpp:397 in event_queue_kernel             |
| interface  | ap_ctrl_hs port = return      | cpp/StateBuffer.cpp:175 in state_buffer_kernel           |
| interface  | ap_none port = op             | cpp/StateBuffer.cpp:176 in state_buffer_kernel           |
| interface  | ap_none port = state          | cpp/StateBuffer.cpp:177 in state_buffer_kernel           |
| interface  | ap_vld port = result          | cpp/StateBuffer.cpp:178 in state_buffer_kernel           |
| interface  | ap_vld port = success         | cpp/StateBuffer.cpp:179 in state_buffer_kernel           |
+------------+-------------------------------+----------------------------------------------------------+


