

================================================================
== Vitis HLS Report for 'enqueue'
================================================================
* Date:           Fri Aug 16 17:28:34 2024

* Version:        2022.1 (Build 3526262 on Mon Apr 18 15:47:01 MDT 2022)
* Project:        pdes_fpga_vitis
* Solution:       solution1 (Vivado IP Flow Target)
* Product family: zynquplus
* Target device:  xczu7ev-ffvc1156-2-e


================================================================
== Performance Estimates
================================================================
+ Timing: 
    * Summary: 
    +--------+---------+----------+------------+
    |  Clock |  Target | Estimated| Uncertainty|
    +--------+---------+----------+------------+
    |ap_clk  |  5.00 ns|  3.493 ns|     1.35 ns|
    +--------+---------+----------+------------+

+ Latency: 
    * Summary: 
    +---------+---------+----------+----------+-----+-----+---------+
    |  Latency (cycles) |  Latency (absolute) |  Interval | Pipeline|
    |   min   |   max   |    min   |    max   | min | max |   Type  |
    +---------+---------+----------+----------+-----+-----+---------+
    |        ?|        ?|         ?|         ?|    ?|    ?|       no|
    +---------+---------+----------+----------+-----+-----+---------+

    + Detail: 
        * Instance: 
        N/A

        * Loop: 
        +--------------------+---------+---------+----------+-----------+-----------+------+----------+
        |                    |  Latency (cycles) | Iteration|  Initiation Interval  | Trip |          |
        |      Loop Name     |   min   |   max   |  Latency |  achieved |   target  | Count| Pipelined|
        +--------------------+---------+---------+----------+-----------+-----------+------+----------+
        |- VITIS_LOOP_122_1  |        ?|        ?|         3|          -|          -|     ?|        no|
        +--------------------+---------+---------+----------+-----------+-----------+------+----------+



================================================================
== Utilization Estimates
================================================================
* Summary: 
+-----------------+---------+------+--------+--------+-----+
|       Name      | BRAM_18K|  DSP |   FF   |   LUT  | URAM|
+-----------------+---------+------+--------+--------+-----+
|DSP              |        -|     -|       -|       -|    -|
|Expression       |        -|     -|       0|     164|    -|
|FIFO             |        -|     -|       -|       -|    -|
|Instance         |        -|     -|       -|       -|    -|
|Memory           |        -|     -|       -|       -|    -|
|Multiplexer      |        -|     -|       -|     292|    -|
|Register         |        -|     -|     244|       -|    -|
+-----------------+---------+------+--------+--------+-----+
|Total            |        0|     0|     244|     456|    0|
+-----------------+---------+------+--------+--------+-----+
|Available        |      624|  1728|  460800|  230400|   96|
+-----------------+---------+------+--------+--------+-----+
|Utilization (%)  |        0|     0|      ~0|      ~0|    0|
+-----------------+---------+------+--------+--------+-----+

+ Detail: 
    * Instance: 
    N/A

    * DSP: 
    N/A

    * Memory: 
    N/A

    * FIFO: 
    N/A

    * Expression: 
    +--------------------------+----------+----+---+----+------------+------------+
    |       Variable Name      | Operation| DSP| FF| LUT| Bitwidth P0| Bitwidth P1|
    +--------------------------+----------+----+---+----+------------+------------+
    |add_ln886_5_fu_515_p2     |         +|   0|  0|  23|          16|           1|
    |add_ln886_fu_509_p2       |         +|   0|  0|  23|          16|           1|
    |ap_block_state2           |       and|   0|  0|   2|           1|           1|
    |grp_fu_391_p2             |      icmp|   0|  0|  20|          32|          32|
    |icmp_ln1065_21_fu_451_p2  |      icmp|   0|  0|  13|          16|           2|
    |icmp_ln1065_22_fu_488_p2  |      icmp|   0|  0|  13|          16|           2|
    |icmp_ln1065_23_fu_504_p2  |      icmp|   0|  0|  13|          16|          16|
    |icmp_ln1065_fu_440_p2     |      icmp|   0|  0|  13|          16|           2|
    |icmp_ln1069_fu_470_p2     |      icmp|   0|  0|  13|          16|           2|
    |icmp_ln1073_fu_417_p2     |      icmp|   0|  0|  20|          32|          32|
    |icmp_ln1077_fu_406_p2     |      icmp|   0|  0|  11|           9|           1|
    +--------------------------+----------+----+---+----+------------+------------+
    |Total                     |          |   0|  0| 164|         186|          92|
    +--------------------------+----------+----+---+----+------------+------------+

    * Multiplexer: 
    +---------------------------------------+----+-----------+-----+-----------+
    |                  Name                 | LUT| Input Size| Bits| Total Bits|
    +---------------------------------------+----+-----------+-----+-----------+
    |ap_NS_fsm                              |  59|         11|    1|         11|
    |ap_phi_mux_this_6_0_phi_fu_385_p4      |   9|          2|   16|         32|
    |ap_phi_mux_this_7_0_phi_fu_367_p4      |   9|          2|   16|         32|
    |ap_phi_mux_write_flag_0_phi_fu_376_p4  |   9|          2|   16|         32|
    |ap_return_0                            |   9|          2|   16|         32|
    |ap_return_1                            |   9|          2|   16|         32|
    |ap_return_2                            |   9|          2|   16|         32|
    |causality_violation_stream_blk_n       |   9|          2|    1|          2|
    |prev_V_1_fu_94                         |   9|          2|   16|         32|
    |prev_V_fu_90                           |   9|          2|   16|         32|
    |this_0_0_1_address0                    |  20|          4|    7|         28|
    |this_0_2_address0                      |  31|          6|    7|         42|
    |this_0_2_d0                            |  26|          5|   16|         80|
    |this_1_address0                        |  14|          3|    2|          6|
    |this_2_address0                        |  20|          4|    2|          8|
    |this_3_address0                        |  14|          3|    2|          6|
    |this_6_0_reg_382                       |   9|          2|   16|         32|
    |this_7_0_reg_364                       |   9|          2|   16|         32|
    |write_flag_0_reg_373                   |   9|          2|   16|         32|
    +---------------------------------------+----+-----------+-----+-----------+
    |Total                                  | 292|         60|  214|        535|
    +---------------------------------------+----+-----------+-----+-----------+

    * Register: 
    +-------------------------+----+----+-----+-----------+
    |           Name          | FF | LUT| Bits| Const Bits|
    +-------------------------+----+----+-----+-----------+
    |ap_CS_fsm                |  10|   0|   10|          0|
    |ap_return_0_preg         |  16|   0|   16|          0|
    |ap_return_1_preg         |  16|   0|   16|          0|
    |ap_return_2_preg         |  16|   0|   16|          0|
    |current_V_reg_651        |  16|   0|   16|          0|
    |icmp_ln1065_21_reg_656   |   1|   0|    1|          0|
    |icmp_ln1065_22_reg_704   |   1|   0|    1|          0|
    |icmp_ln1065_23_reg_718   |   1|   0|    1|          0|
    |icmp_ln1065_reg_634      |   1|   0|    1|          0|
    |icmp_ln1069_reg_677      |   1|   0|    1|          0|
    |icmp_ln1077_reg_599      |   1|   0|    1|          0|
    |prev_V_1_fu_94           |  16|   0|   16|          0|
    |prev_V_fu_90             |  16|   0|   16|          0|
    |prev_V_load_reg_699      |  16|   0|   16|          0|
    |this_0_2_addr_2_reg_708  |   7|   0|    7|          0|
    |this_0_2_addr_reg_619    |   7|   0|    7|          0|
    |this_0_2_load_reg_629    |  16|   0|   16|          0|
    |this_1_addr_reg_646      |   2|   0|    2|          0|
    |this_2_addr_1_reg_713    |   2|   0|    2|          0|
    |this_3_addr_reg_624      |   2|   0|    2|          0|
    |this_6_0_reg_382         |  16|   0|   16|          0|
    |this_7_0_reg_364         |  16|   0|   16|          0|
    |write_flag_0_reg_373     |  16|   0|   16|          0|
    |zext_ln587_21_reg_681    |  16|   0|   64|         48|
    |zext_ln587_reg_603       |  16|   0|   64|         48|
    +-------------------------+----+----+-----+-----------+
    |Total                    | 244|   0|  340|         96|
    +-------------------------+----+----+-----+-----------+



================================================================
== Interface
================================================================
* Summary: 
+-------------------------------------------+-----+-----+------------+----------------------------+--------------+
|                 RTL Ports                 | Dir | Bits|  Protocol  |        Source Object       |    C Type    |
+-------------------------------------------+-----+-----+------------+----------------------------+--------------+
|ap_clk                                     |   in|    1|  ap_ctrl_hs|                     enqueue|  return value|
|ap_rst                                     |   in|    1|  ap_ctrl_hs|                     enqueue|  return value|
|ap_start                                   |   in|    1|  ap_ctrl_hs|                     enqueue|  return value|
|ap_done                                    |  out|    1|  ap_ctrl_hs|                     enqueue|  return value|
|ap_idle                                    |  out|    1|  ap_ctrl_hs|                     enqueue|  return value|
|ap_ready                                   |  out|    1|  ap_ctrl_hs|                     enqueue|  return value|
|ap_return_0                                |  out|   16|  ap_ctrl_hs|                     enqueue|  return value|
|ap_return_1                                |  out|   16|  ap_ctrl_hs|                     enqueue|  return value|
|ap_return_2                                |  out|   16|  ap_ctrl_hs|                     enqueue|  return value|
|this_0_0_0_address0                        |  out|    7|   ap_memory|                  this_0_0_0|         array|
|this_0_0_0_ce0                             |  out|    1|   ap_memory|                  this_0_0_0|         array|
|this_0_0_0_we0                             |  out|    1|   ap_memory|                  this_0_0_0|         array|
|this_0_0_0_d0                              |  out|   32|   ap_memory|                  this_0_0_0|         array|
|this_0_0_1_address0                        |  out|    7|   ap_memory|                  this_0_0_1|         array|
|this_0_0_1_ce0                             |  out|    1|   ap_memory|                  this_0_0_1|         array|
|this_0_0_1_we0                             |  out|    1|   ap_memory|                  this_0_0_1|         array|
|this_0_0_1_d0                              |  out|   32|   ap_memory|                  this_0_0_1|         array|
|this_0_0_1_q0                              |   in|   32|   ap_memory|                  this_0_0_1|         array|
|this_0_0_2_address0                        |  out|    7|   ap_memory|                  this_0_0_2|         array|
|this_0_0_2_ce0                             |  out|    1|   ap_memory|                  this_0_0_2|         array|
|this_0_0_2_we0                             |  out|    1|   ap_memory|                  this_0_0_2|         array|
|this_0_0_2_d0                              |  out|   32|   ap_memory|                  this_0_0_2|         array|
|this_0_0_3_address0                        |  out|    7|   ap_memory|                  this_0_0_3|         array|
|this_0_0_3_ce0                             |  out|    1|   ap_memory|                  this_0_0_3|         array|
|this_0_0_3_we0                             |  out|    1|   ap_memory|                  this_0_0_3|         array|
|this_0_0_3_d0                              |  out|   16|   ap_memory|                  this_0_0_3|         array|
|this_0_0_4_address0                        |  out|    7|   ap_memory|                  this_0_0_4|         array|
|this_0_0_4_ce0                             |  out|    1|   ap_memory|                  this_0_0_4|         array|
|this_0_0_4_we0                             |  out|    1|   ap_memory|                  this_0_0_4|         array|
|this_0_0_4_d0                              |  out|   16|   ap_memory|                  this_0_0_4|         array|
|this_0_0_5_address0                        |  out|    7|   ap_memory|                  this_0_0_5|         array|
|this_0_0_5_ce0                             |  out|    1|   ap_memory|                  this_0_0_5|         array|
|this_0_0_5_we0                             |  out|    1|   ap_memory|                  this_0_0_5|         array|
|this_0_0_5_d0                              |  out|    1|   ap_memory|                  this_0_0_5|         array|
|this_0_1_address0                          |  out|    7|   ap_memory|                    this_0_1|         array|
|this_0_1_ce0                               |  out|    1|   ap_memory|                    this_0_1|         array|
|this_0_1_we0                               |  out|    1|   ap_memory|                    this_0_1|         array|
|this_0_1_d0                                |  out|    1|   ap_memory|                    this_0_1|         array|
|this_0_2_address0                          |  out|    7|   ap_memory|                    this_0_2|         array|
|this_0_2_ce0                               |  out|    1|   ap_memory|                    this_0_2|         array|
|this_0_2_we0                               |  out|    1|   ap_memory|                    this_0_2|         array|
|this_0_2_d0                                |  out|   16|   ap_memory|                    this_0_2|         array|
|this_0_2_q0                                |   in|   16|   ap_memory|                    this_0_2|         array|
|this_1_address0                            |  out|    2|   ap_memory|                      this_1|         array|
|this_1_ce0                                 |  out|    1|   ap_memory|                      this_1|         array|
|this_1_we0                                 |  out|    1|   ap_memory|                      this_1|         array|
|this_1_d0                                  |  out|   16|   ap_memory|                      this_1|         array|
|this_1_q0                                  |   in|   16|   ap_memory|                      this_1|         array|
|this_2_address0                            |  out|    2|   ap_memory|                      this_2|         array|
|this_2_ce0                                 |  out|    1|   ap_memory|                      this_2|         array|
|this_2_we0                                 |  out|    1|   ap_memory|                      this_2|         array|
|this_2_d0                                  |  out|   16|   ap_memory|                      this_2|         array|
|this_2_q0                                  |   in|   16|   ap_memory|                      this_2|         array|
|this_3_address0                            |  out|    2|   ap_memory|                      this_3|         array|
|this_3_ce0                                 |  out|    1|   ap_memory|                      this_3|         array|
|this_3_we0                                 |  out|    1|   ap_memory|                      this_3|         array|
|this_3_d0                                  |  out|   16|   ap_memory|                      this_3|         array|
|this_3_q0                                  |   in|   16|   ap_memory|                      this_3|         array|
|this_5_address0                            |  out|    2|   ap_memory|                      this_5|         array|
|this_5_ce0                                 |  out|    1|   ap_memory|                      this_5|         array|
|this_5_q0                                  |   in|   32|   ap_memory|                      this_5|         array|
|p_read                                     |   in|   16|     ap_none|                      p_read|        scalar|
|p_read1                                    |   in|   16|     ap_none|                     p_read1|        scalar|
|p_read2                                    |   in|   16|     ap_none|                     p_read2|        scalar|
|this_8_read                                |   in|   16|     ap_none|                 this_8_read|        scalar|
|p_read3                                    |   in|   32|     ap_none|                     p_read3|        scalar|
|p_read4                                    |   in|   32|     ap_none|                     p_read4|        scalar|
|p_read5                                    |   in|   32|     ap_none|                     p_read5|        scalar|
|p_read6                                    |   in|   16|     ap_none|                     p_read6|        scalar|
|p_read7                                    |   in|   16|     ap_none|                     p_read7|        scalar|
|p_read8                                    |   in|    1|     ap_none|                     p_read8|        scalar|
|causality_violation_stream_din             |  out|   48|     ap_fifo|  causality_violation_stream|       pointer|
|causality_violation_stream_num_data_valid  |   in|    2|     ap_fifo|  causality_violation_stream|       pointer|
|causality_violation_stream_fifo_cap        |   in|    2|     ap_fifo|  causality_violation_stream|       pointer|
|causality_violation_stream_full_n          |   in|    1|     ap_fifo|  causality_violation_stream|       pointer|
|causality_violation_stream_write           |  out|    1|     ap_fifo|  causality_violation_stream|       pointer|
+-------------------------------------------+-----+-----+------------+----------------------------+--------------+

