

================================================================
== Vitis HLS Report for 'event_queue_kernel_Pipeline_VITIS_LOOP_229_1'
================================================================
* Date:           Wed Aug  7 18:38:59 2024

* Version:        2022.1 (Build 3526262 on Mon Apr 18 15:47:01 MDT 2022)
* Project:        pdes_fpga_vitis
* Solution:       solution1 (Vivado IP Flow Target)
* Product family: zynquplus
* Target device:  xczu7ev-ffvf1517-3-e


================================================================
== Performance Estimates
================================================================
+ Timing: 
    * Summary: 
    +--------+---------+----------+------------+
    |  Clock |  Target | Estimated| Uncertainty|
    +--------+---------+----------+------------+
    |ap_clk  |  5.00 ns|  2.964 ns|     1.35 ns|
    +--------+---------+----------+------------+

+ Latency: 
    * Summary: 
    +---------+---------+-----------+-----------+-----+-----+---------+
    |  Latency (cycles) |   Latency (absolute)  |  Interval | Pipeline|
    |   min   |   max   |    min    |    max    | min | max |   Type  |
    +---------+---------+-----------+-----------+-----+-----+---------+
    |        7|        7|  35.000 ns|  35.000 ns|    7|    7|       no|
    +---------+---------+-----------+-----------+-----+-----+---------+

    + Detail: 
        * Instance: 
        N/A

        * Loop: 
        +--------------------+---------+---------+----------+-----------+-----------+------+----------+
        |                    |  Latency (cycles) | Iteration|  Initiation Interval  | Trip |          |
        |      Loop Name     |   min   |   max   |  Latency |  achieved |   target  | Count| Pipelined|
        +--------------------+---------+---------+----------+-----------+-----------+------+----------+
        |- VITIS_LOOP_229_1  |        5|        5|         2|          1|          1|     4|       yes|
        +--------------------+---------+---------+----------+-----------+-----------+------+----------+



================================================================
== Utilization Estimates
================================================================
* Summary: 
+-----------------+---------+------+--------+--------+-----+
|       Name      | BRAM_18K|  DSP |   FF   |   LUT  | URAM|
+-----------------+---------+------+--------+--------+-----+
|DSP              |        -|     -|       -|       -|    -|
|Expression       |        -|     -|       0|     150|    -|
|FIFO             |        -|     -|       -|       -|    -|
|Instance         |        -|     -|       0|      20|    -|
|Memory           |        -|     -|       -|       -|    -|
|Multiplexer      |        -|     -|       -|      54|    -|
|Register         |        -|     -|      74|       -|    -|
+-----------------+---------+------+--------+--------+-----+
|Total            |        0|     0|      74|     224|    0|
+-----------------+---------+------+--------+--------+-----+
|Available        |      624|  1728|  460800|  230400|   96|
+-----------------+---------+------+--------+--------+-----+
|Utilization (%)  |        0|     0|      ~0|      ~0|    0|
+-----------------+---------+------+--------+--------+-----+

+ Detail: 
    * Instance: 
    +-------------------+---------------+---------+----+---+----+-----+
    |      Instance     |     Module    | BRAM_18K| DSP| FF| LUT| URAM|
    +-------------------+---------------+---------+----+---+----+-----+
    |mux_42_16_1_1_U49  |mux_42_16_1_1  |        0|   0|  0|  20|    0|
    +-------------------+---------------+---------+----+---+----+-----+
    |Total              |               |        0|   0|  0|  20|    0|
    +-------------------+---------------+---------+----+---+----+-----+

    * DSP: 
    N/A

    * Memory: 
    N/A

    * FIFO: 
    N/A

    * Expression: 
    +-----------------------------+----------+----+---+----+------------+------------+
    |        Variable Name        | Operation| DSP| FF| LUT| Bitwidth P0| Bitwidth P1|
    +-----------------------------+----------+----+---+----+------------+------------+
    |add_ln886_fu_130_p2          |         +|   0|  0|  10|           3|           1|
    |icmp_ln1069_fu_175_p2        |      icmp|   0|  0|  13|          16|           2|
    |icmp_ln1073_1_fu_124_p2      |      icmp|   0|  0|   9|           3|           4|
    |icmp_ln1073_fu_180_p2        |      icmp|   0|  0|  20|          32|          32|
    |earliest_lp_V_4_fu_213_p3    |    select|   0|  0|  16|           1|          16|
    |earliest_time_V_2_fu_205_p3  |    select|   0|  0|  32|           1|          32|
    |select_ln231_1_fu_197_p3     |    select|   0|  0|  16|           1|          16|
    |select_ln231_fu_186_p3       |    select|   0|  0|  32|           1|          32|
    |ap_enable_pp0                |       xor|   0|  0|   2|           1|           2|
    +-----------------------------+----------+----+---+----+------------+------------+
    |Total                        |          |   0|  0| 150|          59|         137|
    +-----------------------------+----------+----+---+----+------------+------------+

    * Multiplexer: 
    +----------------------------------+----+-----------+-----+-----------+
    |               Name               | LUT| Input Size| Bits| Total Bits|
    +----------------------------------+----+-----------+-----+-----------+
    |ap_done_int                       |   9|          2|    1|          2|
    |ap_loop_exit_ready_pp0_iter1_reg  |   9|          2|    1|          2|
    |ap_sig_allocacmp_i_V_2            |   9|          2|    3|          6|
    |earliest_lp_V_fu_54               |   9|          2|   16|         32|
    |earliest_time_V_fu_50             |   9|          2|   32|         64|
    |i_V_fu_58                         |   9|          2|    3|          6|
    +----------------------------------+----+-----------+-----+-----------+
    |Total                             |  54|         12|   56|        112|
    +----------------------------------+----+-----------+-----+-----------+

    * Register: 
    +----------------------------------+----+----+-----+-----------+
    |               Name               | FF | LUT| Bits| Const Bits|
    +----------------------------------+----+----+-----+-----------+
    |ap_CS_fsm                         |   1|   0|    1|          0|
    |ap_done_reg                       |   1|   0|    1|          0|
    |ap_enable_reg_pp0_iter1           |   1|   0|    1|          0|
    |ap_loop_exit_ready_pp0_iter1_reg  |   1|   0|    1|          0|
    |earliest_lp_V_fu_54               |  16|   0|   16|          0|
    |earliest_time_V_fu_50             |  32|   0|   32|          0|
    |i_V_fu_58                         |   3|   0|    3|          0|
    |icmp_ln1073_1_reg_252             |   1|   0|    1|          0|
    |tmp_2_reg_261                     |  16|   0|   16|          0|
    |trunc_ln1069_reg_256              |   2|   0|    2|          0|
    +----------------------------------+----+----+-----+-----------+
    |Total                             |  74|   0|   74|          0|
    +----------------------------------+----+----+-----+-----------+



================================================================
== Interface
================================================================
* Summary: 
+-------------------------------------------------+-----+-----+------------+----------------------------------------------+--------------+
|                    RTL Ports                    | Dir | Bits|  Protocol  |                 Source Object                |    C Type    |
+-------------------------------------------------+-----+-----+------------+----------------------------------------------+--------------+
|ap_clk                                           |   in|    1|  ap_ctrl_hs|  event_queue_kernel_Pipeline_VITIS_LOOP_229_1|  return value|
|ap_rst                                           |   in|    1|  ap_ctrl_hs|  event_queue_kernel_Pipeline_VITIS_LOOP_229_1|  return value|
|ap_start                                         |   in|    1|  ap_ctrl_hs|  event_queue_kernel_Pipeline_VITIS_LOOP_229_1|  return value|
|ap_done                                          |  out|    1|  ap_ctrl_hs|  event_queue_kernel_Pipeline_VITIS_LOOP_229_1|  return value|
|ap_idle                                          |  out|    1|  ap_ctrl_hs|  event_queue_kernel_Pipeline_VITIS_LOOP_229_1|  return value|
|ap_ready                                         |  out|    1|  ap_ctrl_hs|  event_queue_kernel_Pipeline_VITIS_LOOP_229_1|  return value|
|g_event_queue_lp_heads_V_0_load_1                |   in|   16|     ap_none|             g_event_queue_lp_heads_V_0_load_1|        scalar|
|g_event_queue_lp_heads_V_1_load_1                |   in|   16|     ap_none|             g_event_queue_lp_heads_V_1_load_1|        scalar|
|g_event_queue_lp_heads_V_2_load_1                |   in|   16|     ap_none|             g_event_queue_lp_heads_V_2_load_1|        scalar|
|g_event_queue_lp_heads_V_3_load_1                |   in|   16|     ap_none|             g_event_queue_lp_heads_V_3_load_1|        scalar|
|earliest_lp_V_out                                |  out|    2|      ap_vld|                             earliest_lp_V_out|       pointer|
|earliest_lp_V_out_ap_vld                         |  out|    1|      ap_vld|                             earliest_lp_V_out|       pointer|
|g_event_queue_buffer_event_recv_time_V_address0  |  out|    7|   ap_memory|        g_event_queue_buffer_event_recv_time_V|         array|
|g_event_queue_buffer_event_recv_time_V_ce0       |  out|    1|   ap_memory|        g_event_queue_buffer_event_recv_time_V|         array|
|g_event_queue_buffer_event_recv_time_V_q0        |   in|   32|   ap_memory|        g_event_queue_buffer_event_recv_time_V|         array|
+-------------------------------------------------+-----+-----+------------+----------------------------------------------+--------------+

