

================================================================
== Vitis HLS Report for 'event_queue_top_0_s'
================================================================
* Date:           Wed Aug 14 17:50:14 2024

* Version:        2022.1 (Build 3526262 on Mon Apr 18 15:47:01 MDT 2022)
* Project:        pdes_fpga_vitis
* Solution:       solution1 (Vivado IP Flow Target)
* Product family: zynquplus
* Target device:  xczu7ev-ffvc1156-2-e


================================================================
== Performance Estimates
================================================================
+ Timing: 
    * Summary: 
    +--------+---------+----------+------------+
    |  Clock |  Target | Estimated| Uncertainty|
    +--------+---------+----------+------------+
    |ap_clk  |  5.00 ns|  3.493 ns|     1.35 ns|
    +--------+---------+----------+------------+

+ Latency: 
    * Summary: 
    +---------+---------+----------+----------+-----+-----+---------+
    |  Latency (cycles) |  Latency (absolute) |  Interval | Pipeline|
    |   min   |   max   |    min   |    max   | min | max |   Type  |
    +---------+---------+----------+----------+-----+-----+---------+
    |        ?|        ?|         ?|         ?|    ?|    ?|       no|
    +---------+---------+----------+----------+-----+-----+---------+

    + Detail: 
        * Instance: 
        +--------------------------------------------------------+---------------------------------------------+---------+---------+-----------+-----------+-----+-----+---------+
        |                                                        |                                             |  Latency (cycles) |   Latency (absolute)  |  Interval | Pipeline|
        |                        Instance                        |                    Module                   |   min   |   max   |    min    |    max    | min | max |   Type  |
        +--------------------------------------------------------+---------------------------------------------+---------+---------+-----------+-----------+-----+-----+---------+
        |grp_event_queue_top_0_Pipeline_VITIS_LOOP_205_1_fu_513  |event_queue_top_0_Pipeline_VITIS_LOOP_205_1  |        8|        8|  40.000 ns|  40.000 ns|    8|    8|       no|
        |grp_enqueue_fu_522                                      |enqueue                                      |        ?|        ?|          ?|          ?|    ?|    ?|       no|
        |grp_commit_fu_564                                       |commit                                       |        ?|        ?|          ?|          ?|    ?|    ?|       no|
        |grp_event_queue_top_0_Pipeline_VITIS_LOOP_271_1_fu_584  |event_queue_top_0_Pipeline_VITIS_LOOP_271_1  |        ?|        ?|          ?|          ?|    ?|    ?|       no|
        +--------------------------------------------------------+---------------------------------------------+---------+---------+-----------+-----------+-----+-----+---------+

        * Loop: 
        +--------------------+---------+---------+----------+-----------+-----------+------+----------+
        |                    |  Latency (cycles) | Iteration|  Initiation Interval  | Trip |          |
        |      Loop Name     |   min   |   max   |  Latency |  achieved |   target  | Count| Pipelined|
        +--------------------+---------+---------+----------+-----------+-----------+------+----------+
        |- VITIS_LOOP_294_1  |        ?|        ?|     4 ~ 7|          -|          -|     ?|        no|
        +--------------------+---------+---------+----------+-----------+-----------+------+----------+



================================================================
== Utilization Estimates
================================================================
* Summary: 
+-----------------+---------+------+--------+--------+-----+
|       Name      | BRAM_18K|  DSP |   FF   |   LUT  | URAM|
+-----------------+---------+------+--------+--------+-----+
|DSP              |        -|     -|       -|       -|    -|
|Expression       |        -|     -|       0|     253|    -|
|FIFO             |        -|     -|       -|       -|    -|
|Instance         |        -|     -|    1226|    2641|    -|
|Memory           |        7|     -|     114|      10|    0|
|Multiplexer      |        -|     -|       -|    1259|    -|
|Register         |        -|     -|     699|       -|    -|
+-----------------+---------+------+--------+--------+-----+
|Total            |        7|     0|    2039|    4163|    0|
+-----------------+---------+------+--------+--------+-----+
|Available        |      624|  1728|  460800|  230400|   96|
+-----------------+---------+------+--------+--------+-----+
|Utilization (%)  |        1|     0|      ~0|       1|    0|
+-----------------+---------+------+--------+--------+-----+

+ Detail: 
    * Instance: 
    +--------------------------------------------------------+---------------------------------------------+---------+----+-----+------+-----+
    |                        Instance                        |                    Module                   | BRAM_18K| DSP|  FF |  LUT | URAM|
    +--------------------------------------------------------+---------------------------------------------+---------+----+-----+------+-----+
    |grp_commit_fu_564                                       |commit                                       |        0|   0|  872|  1829|    0|
    |grp_enqueue_fu_522                                      |enqueue                                      |        0|   0|  156|   394|    0|
    |grp_event_queue_top_0_Pipeline_VITIS_LOOP_205_1_fu_513  |event_queue_top_0_Pipeline_VITIS_LOOP_205_1  |        0|   0|   81|   204|    0|
    |grp_event_queue_top_0_Pipeline_VITIS_LOOP_271_1_fu_584  |event_queue_top_0_Pipeline_VITIS_LOOP_271_1  |        0|   0|  117|   214|    0|
    +--------------------------------------------------------+---------------------------------------------+---------+----+-----+------+-----+
    |Total                                                   |                                             |        0|   0| 1226|  2641|    0|
    +--------------------------------------------------------+---------------------------------------------+---------+----+-----+------+-----+

    * DSP: 
    N/A

    * Memory: 
    +----------------------------------------------+------------------------------------------------------------------------------+---------+----+----+-----+------+-----+------+-------------+
    |                    Memory                    |                                    Module                                    | BRAM_18K| FF | LUT| URAM| Words| Bits| Banks| W*Bits*Banks|
    +----------------------------------------------+------------------------------------------------------------------------------+---------+----+----+-----+------+-----+------+-------------+
    |event_queue_buffer_event_data_V_U             |event_queue_top_0_s_event_queue_buffer_event_data_V_RAM_AUTO_1R1W             |        1|   0|   0|    0|   128|   32|     1|         4096|
    |event_queue_buffer_event_send_time_V_U        |event_queue_top_0_s_event_queue_buffer_event_data_V_RAM_AUTO_1R1W             |        1|   0|   0|    0|   128|   32|     1|         4096|
    |event_queue_buffer_event_is_anti_message_V_U  |event_queue_top_0_s_event_queue_buffer_event_is_anti_message_V_RAM_AUTO_1R1W  |        0|   1|   2|    0|   128|    1|     1|          128|
    |event_queue_buffer_is_issued_V_U              |event_queue_top_0_s_event_queue_buffer_event_is_anti_message_V_RAM_AUTO_1R1W  |        0|   1|   2|    0|   128|    1|     1|          128|
    |event_queue_buffer_event_receiver_id_V_U      |event_queue_top_0_s_event_queue_buffer_event_receiver_id_V_RAM_AUTO_1R1W      |        1|   0|   0|    0|   128|   16|     1|         2048|
    |event_queue_buffer_event_sender_id_V_U        |event_queue_top_0_s_event_queue_buffer_event_receiver_id_V_RAM_AUTO_1R1W      |        1|   0|   0|    0|   128|   16|     1|         2048|
    |event_queue_buffer_event_recv_time_V_U        |event_queue_top_0_s_event_queue_buffer_event_recv_time_V_RAM_AUTO_1R1W        |        2|   0|   0|    0|   128|   32|     1|         4096|
    |event_queue_buffer_next_V_U                   |event_queue_top_0_s_event_queue_buffer_next_V_RAM_AUTO_1R1W                   |        1|   0|   0|    0|   128|   16|     1|         2048|
    |event_queue_lp_heads_V_U                      |event_queue_top_0_s_event_queue_lp_heads_V_RAM_AUTO_1R1W                      |        0|  32|   1|    0|     4|   16|     1|           64|
    |event_queue_lp_oldest_unissued_V_U            |event_queue_top_0_s_event_queue_lp_oldest_unissued_V_RAM_AUTO_1R1W            |        0|  16|   1|    0|     4|   16|     1|           64|
    |event_queue_lp_tails_V_U                      |event_queue_top_0_s_event_queue_lp_oldest_unissued_V_RAM_AUTO_1R1W            |        0|  16|   1|    0|     4|   16|     1|           64|
    |event_queue_lp_youngest_issued_V_U            |event_queue_top_0_s_event_queue_lp_oldest_unissued_V_RAM_AUTO_1R1W            |        0|  16|   1|    0|     4|   16|     1|           64|
    |event_queue_lvt_V_U                           |event_queue_top_0_s_event_queue_lvt_V_RAM_AUTO_1R1W                           |        0|  32|   2|    0|     4|   32|     1|          128|
    +----------------------------------------------+------------------------------------------------------------------------------+---------+----+----+-----+------+-----+------+-------------+
    |Total                                         |                                                                              |        7| 114|  10|    0|  1044|  242|    13|        19072|
    +----------------------------------------------+------------------------------------------------------------------------------+---------+----+----+-----+------+-----+------+-------------+

    * FIFO: 
    N/A

    * Expression: 
    +---------------------------------+----------+----+---+----+------------+------------+
    |          Variable Name          | Operation| DSP| FF| LUT| Bitwidth P0| Bitwidth P1|
    +---------------------------------+----------+----+---+----+------------+------------+
    |add_ln887_2_fu_972_p2            |         +|   0|  0|  23|          16|           2|
    |grp_fu_610_p2                    |         +|   0|  0|  23|          16|           2|
    |and_ln77_fu_628_p2               |       and|   0|  0|   2|           1|           1|
    |ap_block_state11                 |       and|   0|  0|   2|           1|           1|
    |ap_block_state4                  |       and|   0|  0|   2|           1|           1|
    |ap_block_state8                  |       and|   0|  0|   2|           1|           1|
    |ap_predicate_op129_write_state8  |       and|   0|  0|   2|           1|           1|
    |ap_predicate_op55_read_state1    |       and|   0|  0|   2|           1|           1|
    |ap_predicate_op67_read_state1    |       and|   0|  0|   2|           1|           1|
    |ap_predicate_op89_write_state4   |       and|   0|  0|   2|           1|           1|
    |tmp_3_nbreadreq_fu_184_p3        |       and|   0|  0|   2|           1|           0|
    |tmp_6_nbreadreq_fu_160_p3        |       and|   0|  0|   2|           1|           0|
    |tmp_7_nbreadreq_fu_168_p3        |       and|   0|  0|   2|           1|           0|
    |tmp_nbreadreq_fu_144_p3          |       and|   0|  0|   2|           1|           0|
    |tmp_s_nbreadreq_fu_152_p3        |       and|   0|  0|   2|           1|           0|
    |grp_fu_616_p2                    |      icmp|   0|  0|  13|          16|           8|
    |icmp_ln1065_10_fu_962_p2         |      icmp|   0|  0|  13|          16|          16|
    |icmp_ln1065_2_fu_897_p2          |      icmp|   0|  0|  20|          32|          32|
    |icmp_ln1065_3_fu_634_p2          |      icmp|   0|  0|  13|          16|           1|
    |icmp_ln1065_4_fu_902_p2          |      icmp|   0|  0|  20|          32|          32|
    |icmp_ln1065_6_fu_907_p2          |      icmp|   0|  0|  20|          32|          32|
    |icmp_ln1065_7_fu_912_p2          |      icmp|   0|  0|  13|          16|          16|
    |icmp_ln1065_8_fu_917_p2          |      icmp|   0|  0|  13|          16|          16|
    |icmp_ln1065_9_fu_946_p2          |      icmp|   0|  0|  13|          16|          16|
    |icmp_ln1065_fu_622_p2            |      icmp|   0|  0|  13|          16|           8|
    |icmp_ln1069_1_fu_937_p2          |      icmp|   0|  0|  13|          16|           2|
    |icmp_ln1069_fu_886_p2            |      icmp|   0|  0|  13|          16|           2|
    |ap_block_state1                  |        or|   0|  0|   2|           1|           1|
    |xor_ln1069_fu_927_p2             |       xor|   0|  0|   2|           1|           1|
    +---------------------------------+----------+----+---+----+------------+------------+
    |Total                            |          |   0|  0| 253|         287|         195|
    +---------------------------------+----------+----+---+----+------------+------------+

    * Multiplexer: 
    +-----------------------------------------------------+-----+-----------+-----+-----------+
    |                         Name                        | LUT | Input Size| Bits| Total Bits|
    +-----------------------------------------------------+-----+-----------+-----+-----------+
    |anti_message_stream_blk_n                            |    9|          2|    1|          2|
    |ap_NS_fsm                                            |  121|         24|    1|         24|
    |ap_done                                              |    9|          2|    1|          2|
    |causality_violation_stream_write                     |    9|          2|    1|          2|
    |current_V_8_fu_140                                   |    9|          2|   16|         32|
    |enqueue_event_stream_blk_n                           |    9|          2|    1|          2|
    |event_queue_buffer_event_data_V_address0             |   20|          4|    7|         28|
    |event_queue_buffer_event_data_V_ce0                  |   14|          3|    1|          3|
    |event_queue_buffer_event_data_V_we0                  |    9|          2|    1|          2|
    |event_queue_buffer_event_is_anti_message_V_address0  |   20|          4|    7|         28|
    |event_queue_buffer_event_is_anti_message_V_ce0       |   14|          3|    1|          3|
    |event_queue_buffer_event_is_anti_message_V_we0       |    9|          2|    1|          2|
    |event_queue_buffer_event_receiver_id_V_address0      |   20|          4|    7|         28|
    |event_queue_buffer_event_receiver_id_V_ce0           |   14|          3|    1|          3|
    |event_queue_buffer_event_receiver_id_V_we0           |    9|          2|    1|          2|
    |event_queue_buffer_event_recv_time_V_address0        |   37|          7|    7|         49|
    |event_queue_buffer_event_recv_time_V_ce0             |   31|          6|    1|          6|
    |event_queue_buffer_event_recv_time_V_ce1             |    9|          2|    1|          2|
    |event_queue_buffer_event_recv_time_V_we0             |    9|          2|    1|          2|
    |event_queue_buffer_event_send_time_V_address0        |   20|          4|    7|         28|
    |event_queue_buffer_event_send_time_V_ce0             |   14|          3|    1|          3|
    |event_queue_buffer_event_send_time_V_we0             |    9|          2|    1|          2|
    |event_queue_buffer_event_sender_id_V_address0        |   20|          4|    7|         28|
    |event_queue_buffer_event_sender_id_V_ce0             |   14|          3|    1|          3|
    |event_queue_buffer_event_sender_id_V_we0             |    9|          2|    1|          2|
    |event_queue_buffer_is_issued_V_address0              |   20|          4|    7|         28|
    |event_queue_buffer_is_issued_V_ce0                   |   20|          4|    1|          4|
    |event_queue_buffer_is_issued_V_d0                    |   20|          4|    1|          4|
    |event_queue_buffer_is_issued_V_we0                   |   20|          4|    1|          4|
    |event_queue_buffer_next_V_address0                   |   49|          9|    7|         63|
    |event_queue_buffer_next_V_ce0                        |   26|          5|    1|          5|
    |event_queue_buffer_next_V_d0                         |   26|          5|   16|         80|
    |event_queue_buffer_next_V_we0                        |   20|          4|    1|          4|
    |event_queue_commit_time_stream15_blk_n               |    9|          2|    1|          2|
    |event_queue_free_head_V                              |   14|          3|   16|         48|
    |event_queue_full_stream_blk_n                        |    9|          2|    1|          2|
    |event_queue_full_stream_din                          |   14|          3|    1|          3|
    |event_queue_lp_heads_V_address0                      |   26|          5|    2|         10|
    |event_queue_lp_heads_V_ce0                           |   20|          4|    1|          4|
    |event_queue_lp_heads_V_ce1                           |    9|          2|    1|          2|
    |event_queue_lp_heads_V_d0                            |   20|          4|   16|         64|
    |event_queue_lp_heads_V_we0                           |   20|          4|    1|          4|
    |event_queue_lp_oldest_unissued_V_address0            |   43|          8|    2|         16|
    |event_queue_lp_oldest_unissued_V_ce0                 |   26|          5|    1|          5|
    |event_queue_lp_oldest_unissued_V_d0                  |   26|          5|   16|         80|
    |event_queue_lp_oldest_unissued_V_we0                 |   20|          4|    1|          4|
    |event_queue_lp_tails_V_address0                      |   26|          5|    2|         10|
    |event_queue_lp_tails_V_ce0                           |   20|          4|    1|          4|
    |event_queue_lp_tails_V_d0                            |   20|          4|   16|         64|
    |event_queue_lp_tails_V_we0                           |   20|          4|    1|          4|
    |event_queue_lp_youngest_issued_V_address0            |   20|          4|    2|          8|
    |event_queue_lp_youngest_issued_V_ce0                 |   14|          3|    1|          3|
    |event_queue_lp_youngest_issued_V_d0                  |   14|          3|   16|         48|
    |event_queue_lp_youngest_issued_V_we0                 |   14|          3|    1|          3|
    |event_queue_lvt_V_address0                           |   20|          4|    2|          8|
    |event_queue_lvt_V_ce0                                |   14|          3|    1|          3|
    |event_queue_lvt_V_d0                                 |   14|          3|   32|         96|
    |event_queue_rollback_info_stream_blk_n               |    9|          2|    1|          2|
    |event_queue_size_V                                   |   14|          3|   16|         48|
    |event_queue_unissued_size_V                          |   14|          3|   16|         48|
    |grp_enqueue_fu_522_p_read                            |   14|          3|   32|         96|
    |grp_enqueue_fu_522_p_read1                           |   14|          3|   32|         96|
    |grp_enqueue_fu_522_p_read2                           |   14|          3|   32|         96|
    |grp_enqueue_fu_522_p_read3                           |   14|          3|   16|         48|
    |grp_enqueue_fu_522_p_read4                           |   14|          3|   16|         48|
    |grp_enqueue_fu_522_p_read5                           |   14|          3|    1|          3|
    |init_event_stream_blk_n                              |    9|          2|    1|          2|
    |issued_event_stream_blk_n                            |    9|          2|    1|          2|
    +-----------------------------------------------------+-----+-----------+-----+-----------+
    |Total                                                | 1259|        256|  410|       1464|
    +-----------------------------------------------------+-----+-----------+-----+-----------+

    * Register: 
    +---------------------------------------------------------------------+----+----+-----+-----------+
    |                                 Name                                | FF | LUT| Bits| Const Bits|
    +---------------------------------------------------------------------+----+----+-----+-----------+
    |and_ln77_reg_1002                                                    |   1|   0|    1|          0|
    |ap_CS_fsm                                                            |  23|   0|   23|          0|
    |ap_done_reg                                                          |   1|   0|    1|          0|
    |current_V_11_reg_1216                                                |  16|   0|   16|          0|
    |current_V_8_fu_140                                                   |  16|   0|   16|          0|
    |current_V_9_reg_1204                                                 |  16|   0|   16|          0|
    |current_V_reg_1315                                                   |  16|   0|   16|          0|
    |earliest_lp_V_loc_fu_136                                             |   2|   0|    2|          0|
    |event_data_V_reg_1191                                                |  32|   0|   32|          0|
    |event_is_anti_message_V_reg_1181                                     |   1|   0|    1|          0|
    |event_queue_buffer_next_V_addr_2_reg_1293                            |   7|   0|    7|          0|
    |event_queue_free_head_V                                              |  16|   0|   16|          0|
    |event_queue_lp_oldest_unissued_V_addr_1_reg_1131                     |   2|   0|    2|          0|
    |event_queue_lp_oldest_unissued_V_addr_reg_1062                       |   2|   0|    2|          0|
    |event_queue_lp_tails_V_addr_reg_1304                                 |   2|   0|    2|          0|
    |event_queue_size_V                                                   |  16|   0|   16|          0|
    |event_queue_unissued_size_V                                          |  16|   0|   16|          0|
    |event_receiver_id_V_reg_1176                                         |  16|   0|   16|          0|
    |event_recv_time_V_reg_1186                                           |  32|   0|   32|          0|
    |event_send_time_V_reg_1171                                           |  32|   0|   32|          0|
    |event_sender_id_V_reg_1196                                           |  16|   0|   16|          0|
    |grp_commit_fu_564_ap_start_reg                                       |   1|   0|    1|          0|
    |grp_enqueue_fu_522_ap_start_reg                                      |   1|   0|    1|          0|
    |grp_event_queue_top_0_Pipeline_VITIS_LOOP_205_1_fu_513_ap_start_reg  |   1|   0|    1|          0|
    |grp_event_queue_top_0_Pipeline_VITIS_LOOP_271_1_fu_584_ap_start_reg  |   1|   0|    1|          0|
    |icmp_ln1065_2_reg_1268                                               |   1|   0|    1|          0|
    |icmp_ln1065_3_reg_1014                                               |   1|   0|    1|          0|
    |icmp_ln1065_4_reg_1272                                               |   1|   0|    1|          0|
    |icmp_ln1065_6_reg_1276                                               |   1|   0|    1|          0|
    |icmp_ln1065_7_reg_1280                                               |   1|   0|    1|          0|
    |icmp_ln1065_8_reg_1284                                               |   1|   0|    1|          0|
    |icmp_ln1069_reg_1223                                                 |   1|   0|    1|          0|
    |init_event_data_V_reg_1107                                           |  32|   0|   32|          0|
    |init_event_is_anti_message_V_reg_1097                                |   1|   0|    1|          0|
    |init_event_receiver_id_V_reg_1092                                    |  16|   0|   16|          0|
    |init_event_recv_time_V_reg_1102                                      |  32|   0|   32|          0|
    |init_event_send_time_V_reg_1087                                      |  32|   0|   32|          0|
    |init_event_sender_id_V_reg_1112                                      |  16|   0|   16|          0|
    |prev_V_reg_1209                                                      |  16|   0|   16|          0|
    |this_data_V_reg_1248                                                 |   7|   0|    7|          0|
    |this_is_anti_message_V_reg_1263                                      |   7|   0|    7|          0|
    |this_receiver_id_V_reg_1258                                          |   7|   0|    7|          0|
    |this_sender_id_V_reg_1253                                            |   7|   0|    7|          0|
    |tmp_17_reg_1117                                                      |  32|   0|   32|          0|
    |tmp_1_reg_1006                                                       |   1|   0|    1|          0|
    |tmp_3_reg_1010                                                       |   1|   0|    1|          0|
    |tmp_6_reg_998                                                        |   1|   0|    1|          0|
    |tmp_data_V_reg_1046                                                  |  32|   0|   32|          0|
    |tmp_is_anti_message_V_reg_1036                                       |   1|   0|    1|          0|
    |tmp_lp_id_V_reg_1072                                                 |   2|   0|    2|          0|
    |tmp_receiver_id_V_reg_1031                                           |  16|   0|   16|          0|
    |tmp_recv_time_V_reg_1041                                             |  32|   0|   32|          0|
    |tmp_reg_990                                                          |   1|   0|    1|          0|
    |tmp_s_reg_994                                                        |   1|   0|    1|          0|
    |tmp_send_time_V_reg_1026                                             |  32|   0|   32|          0|
    |tmp_sender_id_V_reg_1051                                             |  16|   0|   16|          0|
    |tmp_to_time_V_reg_1077                                               |  32|   0|   32|          0|
    |zext_ln587_6_reg_1227                                                |  16|   0|   64|         48|
    |zext_ln587_7_reg_1125                                                |   2|   0|   64|         62|
    |zext_ln587_reg_1056                                                  |  16|   0|   64|         48|
    +---------------------------------------------------------------------+----+----+-----+-----------+
    |Total                                                                | 699|   0|  857|        158|
    +---------------------------------------------------------------------+----+----+-----+-----------+



================================================================
== Interface
================================================================
* Summary: 
+-------------------------------------------------+-----+-----+------------+----------------------------------+--------------+
|                    RTL Ports                    | Dir | Bits|  Protocol  |           Source Object          |    C Type    |
+-------------------------------------------------+-----+-----+------------+----------------------------------+--------------+
|ap_clk                                           |   in|    1|  ap_ctrl_hs|                event_queue_top<0>|  return value|
|ap_rst                                           |   in|    1|  ap_ctrl_hs|                event_queue_top<0>|  return value|
|ap_start                                         |   in|    1|  ap_ctrl_hs|                event_queue_top<0>|  return value|
|ap_done                                          |  out|    1|  ap_ctrl_hs|                event_queue_top<0>|  return value|
|ap_continue                                      |   in|    1|  ap_ctrl_hs|                event_queue_top<0>|  return value|
|ap_idle                                          |  out|    1|  ap_ctrl_hs|                event_queue_top<0>|  return value|
|ap_ready                                         |  out|    1|  ap_ctrl_hs|                event_queue_top<0>|  return value|
|init_event_stream_dout                           |   in|  129|     ap_fifo|                 init_event_stream|       pointer|
|init_event_stream_empty_n                        |   in|    1|     ap_fifo|                 init_event_stream|       pointer|
|init_event_stream_read                           |  out|    1|     ap_fifo|                 init_event_stream|       pointer|
|event_queue_full_stream_din                      |  out|    1|     ap_fifo|           event_queue_full_stream|       pointer|
|event_queue_full_stream_full_n                   |   in|    1|     ap_fifo|           event_queue_full_stream|       pointer|
|event_queue_full_stream_write                    |  out|    1|     ap_fifo|           event_queue_full_stream|       pointer|
|event_queue_rollback_info_stream_dout            |   in|   48|     ap_fifo|  event_queue_rollback_info_stream|       pointer|
|event_queue_rollback_info_stream_num_data_valid  |   in|    2|     ap_fifo|  event_queue_rollback_info_stream|       pointer|
|event_queue_rollback_info_stream_fifo_cap        |   in|    2|     ap_fifo|  event_queue_rollback_info_stream|       pointer|
|event_queue_rollback_info_stream_empty_n         |   in|    1|     ap_fifo|  event_queue_rollback_info_stream|       pointer|
|event_queue_rollback_info_stream_read            |  out|    1|     ap_fifo|  event_queue_rollback_info_stream|       pointer|
|anti_message_stream_dout                         |   in|  129|     ap_fifo|               anti_message_stream|       pointer|
|anti_message_stream_empty_n                      |   in|    1|     ap_fifo|               anti_message_stream|       pointer|
|anti_message_stream_read                         |  out|    1|     ap_fifo|               anti_message_stream|       pointer|
|enqueue_event_stream_dout                        |   in|  129|     ap_fifo|              enqueue_event_stream|       pointer|
|enqueue_event_stream_empty_n                     |   in|    1|     ap_fifo|              enqueue_event_stream|       pointer|
|enqueue_event_stream_read                        |  out|    1|     ap_fifo|              enqueue_event_stream|       pointer|
|event_queue_commit_time_stream15_dout            |   in|   32|     ap_fifo|  event_queue_commit_time_stream15|       pointer|
|event_queue_commit_time_stream15_num_data_valid  |   in|    2|     ap_fifo|  event_queue_commit_time_stream15|       pointer|
|event_queue_commit_time_stream15_fifo_cap        |   in|    2|     ap_fifo|  event_queue_commit_time_stream15|       pointer|
|event_queue_commit_time_stream15_empty_n         |   in|    1|     ap_fifo|  event_queue_commit_time_stream15|       pointer|
|event_queue_commit_time_stream15_read            |  out|    1|     ap_fifo|  event_queue_commit_time_stream15|       pointer|
|issued_event_stream_din                          |  out|  129|     ap_fifo|               issued_event_stream|       pointer|
|issued_event_stream_num_data_valid               |   in|    2|     ap_fifo|               issued_event_stream|       pointer|
|issued_event_stream_fifo_cap                     |   in|    2|     ap_fifo|               issued_event_stream|       pointer|
|issued_event_stream_full_n                       |   in|    1|     ap_fifo|               issued_event_stream|       pointer|
|issued_event_stream_write                        |  out|    1|     ap_fifo|               issued_event_stream|       pointer|
|causality_violation_stream_din                   |  out|   48|     ap_fifo|        causality_violation_stream|       pointer|
|causality_violation_stream_num_data_valid        |   in|    2|     ap_fifo|        causality_violation_stream|       pointer|
|causality_violation_stream_fifo_cap              |   in|    2|     ap_fifo|        causality_violation_stream|       pointer|
|causality_violation_stream_full_n                |   in|    1|     ap_fifo|        causality_violation_stream|       pointer|
|causality_violation_stream_write                 |  out|    1|     ap_fifo|        causality_violation_stream|       pointer|
+-------------------------------------------------+-----+-----+------------+----------------------------------+--------------+

