

================================================================
== Vitis HLS Report for 'gvt_tracker_top'
================================================================
* Date:           Fri Aug 16 17:28:32 2024

* Version:        2022.1 (Build 3526262 on Mon Apr 18 15:47:01 MDT 2022)
* Project:        pdes_fpga_vitis
* Solution:       solution1 (Vivado IP Flow Target)
* Product family: zynquplus
* Target device:  xczu7ev-ffvc1156-2-e


================================================================
== Performance Estimates
================================================================
+ Timing: 
    * Summary: 
    +--------+---------+----------+------------+
    |  Clock |  Target | Estimated| Uncertainty|
    +--------+---------+----------+------------+
    |ap_clk  |  5.00 ns|  2.816 ns|     1.35 ns|
    +--------+---------+----------+------------+

+ Latency: 
    * Summary: 
    +---------+---------+-----------+----------+-----+-----+---------+
    |  Latency (cycles) |  Latency (absolute)  |  Interval | Pipeline|
    |   min   |   max   |    min    |    max   | min | max |   Type  |
    +---------+---------+-----------+----------+-----+-----+---------+
    |        2|       20|  10.000 ns|  0.100 us|    2|   20|       no|
    +---------+---------+-----------+----------+-----+-----+---------+

    + Detail: 
        * Instance: 
        +------------------------------------------------------+-------------------------------------------+---------+---------+-----------+-----------+-----+-----+---------+
        |                                                      |                                           |  Latency (cycles) |   Latency (absolute)  |  Interval | Pipeline|
        |                       Instance                       |                   Module                  |   min   |   max   |    min    |    max    | min | max |   Type  |
        +------------------------------------------------------+-------------------------------------------+---------+---------+-----------+-----------+-----+-----+---------+
        |grp_gvt_tracker_top_Pipeline_VITIS_LOOP_34_1_fu_184   |gvt_tracker_top_Pipeline_VITIS_LOOP_34_1   |        5|        5|  25.000 ns|  25.000 ns|    5|    5|       no|
        |grp_gvt_tracker_top_Pipeline_VITIS_LOOP_34_11_fu_192  |gvt_tracker_top_Pipeline_VITIS_LOOP_34_11  |        5|        5|  25.000 ns|  25.000 ns|    5|    5|       no|
        +------------------------------------------------------+-------------------------------------------+---------+---------+-----------+-----------+-----+-----+---------+

        * Loop: 
        N/A



================================================================
== Utilization Estimates
================================================================
* Summary: 
+-----------------+---------+------+--------+--------+-----+
|       Name      | BRAM_18K|  DSP |   FF   |   LUT  | URAM|
+-----------------+---------+------+--------+--------+-----+
|DSP              |        -|     -|       -|       -|    -|
|Expression       |        -|     -|       0|      54|    -|
|FIFO             |        -|     -|       -|       -|    -|
|Instance         |        -|     -|      76|     236|    -|
|Memory           |        0|     -|      32|       2|    0|
|Multiplexer      |        -|     -|       -|     268|    -|
|Register         |        -|     -|     178|       -|    -|
+-----------------+---------+------+--------+--------+-----+
|Total            |        0|     0|     286|     560|    0|
+-----------------+---------+------+--------+--------+-----+
|Available        |      624|  1728|  460800|  230400|   96|
+-----------------+---------+------+--------+--------+-----+
|Utilization (%)  |        0|     0|      ~0|      ~0|    0|
+-----------------+---------+------+--------+--------+-----+

+ Detail: 
    * Instance: 
    +------------------------------------------------------+-------------------------------------------+---------+----+----+-----+-----+
    |                       Instance                       |                   Module                  | BRAM_18K| DSP| FF | LUT | URAM|
    +------------------------------------------------------+-------------------------------------------+---------+----+----+-----+-----+
    |grp_gvt_tracker_top_Pipeline_VITIS_LOOP_34_1_fu_184   |gvt_tracker_top_Pipeline_VITIS_LOOP_34_1   |        0|   0|  38|  118|    0|
    |grp_gvt_tracker_top_Pipeline_VITIS_LOOP_34_11_fu_192  |gvt_tracker_top_Pipeline_VITIS_LOOP_34_11  |        0|   0|  38|  118|    0|
    +------------------------------------------------------+-------------------------------------------+---------+----+----+-----+-----+
    |Total                                                 |                                           |        0|   0|  76|  236|    0|
    +------------------------------------------------------+-------------------------------------------+---------+----+----+-----+-----+

    * DSP: 
    N/A

    * Memory: 
    +-------------+-----------------------------------------+---------+----+----+-----+------+-----+------+-------------+
    |    Memory   |                  Module                 | BRAM_18K| FF | LUT| URAM| Words| Bits| Banks| W*Bits*Banks|
    +-------------+-----------------------------------------+---------+----+----+-----+------+-----+------+-------------+
    |lvt_arr_V_U  |gvt_tracker_top_lvt_arr_V_RAM_AUTO_1R1W  |        0|  32|   2|    0|     4|   32|     1|          128|
    +-------------+-----------------------------------------+---------+----+----+-----+------+-----+------+-------------+
    |Total        |                                         |        0|  32|   2|    0|     4|   32|     1|          128|
    +-------------+-----------------------------------------+---------+----+----+-----+------+-----+------+-------------+

    * FIFO: 
    N/A

    * Expression: 
    +---------------------------------+----------+----+---+----+------------+------------+
    |          Variable Name          | Operation| DSP| FF| LUT| Bitwidth P0| Bitwidth P1|
    +---------------------------------+----------+----+---+----+------------+------------+
    |ap_block_state11                 |       and|   0|  0|   2|           1|           1|
    |ap_predicate_op33_write_state6   |       and|   0|  0|   2|           1|           1|
    |ap_predicate_op53_write_state11  |       and|   0|  0|   2|           1|           1|
    |tmp_nbreadreq_fu_58_p3           |       and|   0|  0|   2|           1|           0|
    |tmp_s_nbreadreq_fu_79_p3         |       and|   0|  0|   2|           1|           0|
    |icmp_ln1081_1_fu_267_p2          |      icmp|   0|  0|  20|          32|          32|
    |icmp_ln1081_fu_237_p2            |      icmp|   0|  0|  20|          32|          32|
    |ap_block_state1                  |        or|   0|  0|   2|           1|           1|
    |ap_block_state6                  |        or|   0|  0|   2|           1|           1|
    +---------------------------------+----------+----+---+----+------------+------------+
    |Total                            |          |   0|  0|  54|          71|          69|
    +---------------------------------+----------+----+---+----+------------+------------+

    * Multiplexer: 
    +---------------------------------------+----+-----------+-----+-----------+
    |                  Name                 | LUT| Input Size| Bits| Total Bits|
    +---------------------------------------+----+-----------+-----+-----------+
    |ap_NS_fsm                              |  65|         12|    1|         12|
    |ap_done                                |   9|          2|    1|          2|
    |ap_phi_mux_gvt_V_flag_1_phi_fu_119_p6  |  14|          3|    1|          3|
    |ap_phi_mux_gvt_V_flag_3_phi_fu_160_p6  |  14|          3|    1|          3|
    |ap_phi_mux_gvt_V_new_1_phi_fu_135_p6   |   9|          2|   32|         64|
    |ap_phi_mux_gvt_V_new_3_phi_fu_174_p6   |  14|          3|   32|         96|
    |gvt_V_flag_3_reg_157                   |  14|          3|    1|          3|
    |gvt_V_loc_1_reg_145                    |   9|          2|   32|         64|
    |gvt_V_new_3_reg_171                    |  14|          3|   32|         96|
    |gvt_stream8_blk_n                      |   9|          2|    1|          2|
    |gvt_stream8_din                        |  14|          3|   32|         96|
    |lpcore_lvt_stream_0_blk_n              |   9|          2|    1|          2|
    |lpcore_lvt_stream_1_blk_n              |   9|          2|    1|          2|
    |lvt_arr_V_address0                     |  31|          6|    2|         12|
    |lvt_arr_V_ce0                          |  20|          4|    1|          4|
    |lvt_arr_V_d0                           |  14|          3|   32|         96|
    +---------------------------------------+----+-----------+-----+-----------+
    |Total                                  | 268|         55|  203|        557|
    +---------------------------------------+----+-----------+-----+-----------+

    * Register: 
    +-------------------------------------------------------------------+----+----+-----+-----------+
    |                                Name                               | FF | LUT| Bits| Const Bits|
    +-------------------------------------------------------------------+----+----+-----+-----------+
    |ap_CS_fsm                                                          |  11|   0|   11|          0|
    |ap_done_reg                                                        |   1|   0|    1|          0|
    |grp_gvt_tracker_top_Pipeline_VITIS_LOOP_34_11_fu_192_ap_start_reg  |   1|   0|    1|          0|
    |grp_gvt_tracker_top_Pipeline_VITIS_LOOP_34_1_fu_184_ap_start_reg   |   1|   0|    1|          0|
    |gvt_V                                                              |  32|   0|   32|          0|
    |gvt_V_flag_1_reg_115                                               |   1|   0|    1|          0|
    |gvt_V_flag_3_reg_157                                               |   1|   0|    1|          0|
    |gvt_V_loc_1_reg_145                                                |  32|   0|   32|          0|
    |gvt_V_new_1_reg_131                                                |  32|   0|   32|          0|
    |gvt_V_new_3_reg_171                                                |  32|   0|   32|          0|
    |reg_200                                                            |  32|   0|   32|          0|
    |tmp_reg_291                                                        |   1|   0|    1|          0|
    |tmp_s_reg_301                                                      |   1|   0|    1|          0|
    +-------------------------------------------------------------------+----+----+-----+-----------+
    |Total                                                              | 178|   0|  178|          0|
    +-------------------------------------------------------------------+----+----+-----+-----------+



================================================================
== Interface
================================================================
* Summary: 
+------------------------------------+-----+-----+------------+---------------------+--------------+
|              RTL Ports             | Dir | Bits|  Protocol  |    Source Object    |    C Type    |
+------------------------------------+-----+-----+------------+---------------------+--------------+
|ap_clk                              |   in|    1|  ap_ctrl_hs|      gvt_tracker_top|  return value|
|ap_rst                              |   in|    1|  ap_ctrl_hs|      gvt_tracker_top|  return value|
|ap_start                            |   in|    1|  ap_ctrl_hs|      gvt_tracker_top|  return value|
|ap_done                             |  out|    1|  ap_ctrl_hs|      gvt_tracker_top|  return value|
|ap_continue                         |   in|    1|  ap_ctrl_hs|      gvt_tracker_top|  return value|
|ap_idle                             |  out|    1|  ap_ctrl_hs|      gvt_tracker_top|  return value|
|ap_ready                            |  out|    1|  ap_ctrl_hs|      gvt_tracker_top|  return value|
|lpcore_lvt_stream_0_dout            |   in|   48|     ap_fifo|  lpcore_lvt_stream_0|       pointer|
|lpcore_lvt_stream_0_num_data_valid  |   in|    2|     ap_fifo|  lpcore_lvt_stream_0|       pointer|
|lpcore_lvt_stream_0_fifo_cap        |   in|    2|     ap_fifo|  lpcore_lvt_stream_0|       pointer|
|lpcore_lvt_stream_0_empty_n         |   in|    1|     ap_fifo|  lpcore_lvt_stream_0|       pointer|
|lpcore_lvt_stream_0_read            |  out|    1|     ap_fifo|  lpcore_lvt_stream_0|       pointer|
|lpcore_lvt_stream_1_dout            |   in|   48|     ap_fifo|  lpcore_lvt_stream_1|       pointer|
|lpcore_lvt_stream_1_num_data_valid  |   in|    2|     ap_fifo|  lpcore_lvt_stream_1|       pointer|
|lpcore_lvt_stream_1_fifo_cap        |   in|    2|     ap_fifo|  lpcore_lvt_stream_1|       pointer|
|lpcore_lvt_stream_1_empty_n         |   in|    1|     ap_fifo|  lpcore_lvt_stream_1|       pointer|
|lpcore_lvt_stream_1_read            |  out|    1|     ap_fifo|  lpcore_lvt_stream_1|       pointer|
|gvt_stream8_din                     |  out|   32|     ap_fifo|          gvt_stream8|       pointer|
|gvt_stream8_num_data_valid          |   in|    2|     ap_fifo|          gvt_stream8|       pointer|
|gvt_stream8_fifo_cap                |   in|    2|     ap_fifo|          gvt_stream8|       pointer|
|gvt_stream8_full_n                  |   in|    1|     ap_fifo|          gvt_stream8|       pointer|
|gvt_stream8_write                   |  out|    1|     ap_fifo|          gvt_stream8|       pointer|
+------------------------------------+-----+-----+------------+---------------------+--------------+

