

================================================================
== Vitis HLS Report for 'lpcore_rollback_control'
================================================================
* Date:           Fri Aug 16 17:28:33 2024

* Version:        2022.1 (Build 3526262 on Mon Apr 18 15:47:01 MDT 2022)
* Project:        pdes_fpga_vitis
* Solution:       solution1 (Vivado IP Flow Target)
* Product family: zynquplus
* Target device:  xczu7ev-ffvc1156-2-e


================================================================
== Performance Estimates
================================================================
+ Timing: 
    * Summary: 
    +--------+---------+----------+------------+
    |  Clock |  Target | Estimated| Uncertainty|
    +--------+---------+----------+------------+
    |ap_clk  |  5.00 ns|  3.650 ns|     1.35 ns|
    +--------+---------+----------+------------+

+ Latency: 
    * Summary: 
    +---------+---------+----------+----------+-----+-----+---------+
    |  Latency (cycles) |  Latency (absolute) |  Interval | Pipeline|
    |   min   |   max   |    min   |    max   | min | max |   Type  |
    +---------+---------+----------+----------+-----+-----+---------+
    |        0|        0|      0 ns|      0 ns|    0|    0|       no|
    +---------+---------+----------+----------+-----+-----+---------+

    + Detail: 
        * Instance: 
        N/A

        * Loop: 
        N/A



================================================================
== Utilization Estimates
================================================================
* Summary: 
+-----------------+---------+------+--------+--------+-----+
|       Name      | BRAM_18K|  DSP |   FF   |   LUT  | URAM|
+-----------------+---------+------+--------+--------+-----+
|DSP              |        -|     -|       -|       -|    -|
|Expression       |        -|     -|       0|       2|    -|
|FIFO             |        -|     -|       -|       -|    -|
|Instance         |        -|     -|       -|       -|    -|
|Memory           |        -|     -|       -|       -|    -|
|Multiplexer      |        -|     -|       -|      45|    -|
|Register         |        -|     -|       2|       -|    -|
+-----------------+---------+------+--------+--------+-----+
|Total            |        0|     0|       2|      47|    0|
+-----------------+---------+------+--------+--------+-----+
|Available        |      624|  1728|  460800|  230400|   96|
+-----------------+---------+------+--------+--------+-----+
|Utilization (%)  |        0|     0|      ~0|      ~0|    0|
+-----------------+---------+------+--------+--------+-----+

+ Detail: 
    * Instance: 
    N/A

    * DSP: 
    N/A

    * Memory: 
    N/A

    * FIFO: 
    N/A

    * Expression: 
    +-----------------+----------+----+---+----+------------+------------+
    |  Variable Name  | Operation| DSP| FF| LUT| Bitwidth P0| Bitwidth P1|
    +-----------------+----------+----+---+----+------------+------------+
    |ap_block_state1  |        or|   0|  0|   2|           1|           1|
    +-----------------+----------+----+---+----+------------+------------+
    |Total            |          |   0|  0|   2|           1|           1|
    +-----------------+----------+----+---+----+------------+------------+

    * Multiplexer: 
    +----------------------------------------------+----+-----------+-----+-----------+
    |                     Name                     | LUT| Input Size| Bits| Total Bits|
    +----------------------------------------------+----+-----------+-----+-----------+
    |ap_done                                       |   9|          2|    1|          2|
    |cancellation_unit_rollback_info_stream_blk_n  |   9|          2|    1|          2|
    |causality_violation_stream_blk_n              |   9|          2|    1|          2|
    |event_queue_rollback_info_stream_blk_n        |   9|          2|    1|          2|
    |state_buffer_rollback_info_stream_blk_n       |   9|          2|    1|          2|
    +----------------------------------------------+----+-----------+-----+-----------+
    |Total                                         |  45|         10|    5|         10|
    +----------------------------------------------+----+-----------+-----+-----------+

    * Register: 
    +-------------+---+----+-----+-----------+
    |     Name    | FF| LUT| Bits| Const Bits|
    +-------------+---+----+-----+-----------+
    |ap_CS_fsm    |  1|   0|    1|          0|
    |ap_done_reg  |  1|   0|    1|          0|
    +-------------+---+----+-----+-----------+
    |Total        |  2|   0|    2|          0|
    +-------------+---+----+-----+-----------+



================================================================
== Interface
================================================================
* Summary: 
+-------------------------------------------------------+-----+-----+------------+----------------------------------------+--------------+
|                       RTL Ports                       | Dir | Bits|  Protocol  |              Source Object             |    C Type    |
+-------------------------------------------------------+-----+-----+------------+----------------------------------------+--------------+
|ap_clk                                                 |   in|    1|  ap_ctrl_hs|                 lpcore_rollback_control|  return value|
|ap_rst                                                 |   in|    1|  ap_ctrl_hs|                 lpcore_rollback_control|  return value|
|ap_start                                               |   in|    1|  ap_ctrl_hs|                 lpcore_rollback_control|  return value|
|ap_done                                                |  out|    1|  ap_ctrl_hs|                 lpcore_rollback_control|  return value|
|ap_continue                                            |   in|    1|  ap_ctrl_hs|                 lpcore_rollback_control|  return value|
|ap_idle                                                |  out|    1|  ap_ctrl_hs|                 lpcore_rollback_control|  return value|
|ap_ready                                               |  out|    1|  ap_ctrl_hs|                 lpcore_rollback_control|  return value|
|causality_violation_stream_dout                        |   in|   48|     ap_fifo|              causality_violation_stream|       pointer|
|causality_violation_stream_num_data_valid              |   in|    2|     ap_fifo|              causality_violation_stream|       pointer|
|causality_violation_stream_fifo_cap                    |   in|    2|     ap_fifo|              causality_violation_stream|       pointer|
|causality_violation_stream_empty_n                     |   in|    1|     ap_fifo|              causality_violation_stream|       pointer|
|causality_violation_stream_read                        |  out|    1|     ap_fifo|              causality_violation_stream|       pointer|
|event_queue_rollback_info_stream_din                   |  out|   48|     ap_fifo|        event_queue_rollback_info_stream|       pointer|
|event_queue_rollback_info_stream_num_data_valid        |   in|    2|     ap_fifo|        event_queue_rollback_info_stream|       pointer|
|event_queue_rollback_info_stream_fifo_cap              |   in|    2|     ap_fifo|        event_queue_rollback_info_stream|       pointer|
|event_queue_rollback_info_stream_full_n                |   in|    1|     ap_fifo|        event_queue_rollback_info_stream|       pointer|
|event_queue_rollback_info_stream_write                 |  out|    1|     ap_fifo|        event_queue_rollback_info_stream|       pointer|
|state_buffer_rollback_info_stream_din                  |  out|   48|     ap_fifo|       state_buffer_rollback_info_stream|       pointer|
|state_buffer_rollback_info_stream_num_data_valid       |   in|    2|     ap_fifo|       state_buffer_rollback_info_stream|       pointer|
|state_buffer_rollback_info_stream_fifo_cap             |   in|    2|     ap_fifo|       state_buffer_rollback_info_stream|       pointer|
|state_buffer_rollback_info_stream_full_n               |   in|    1|     ap_fifo|       state_buffer_rollback_info_stream|       pointer|
|state_buffer_rollback_info_stream_write                |  out|    1|     ap_fifo|       state_buffer_rollback_info_stream|       pointer|
|cancellation_unit_rollback_info_stream_din             |  out|   48|     ap_fifo|  cancellation_unit_rollback_info_stream|       pointer|
|cancellation_unit_rollback_info_stream_num_data_valid  |   in|    2|     ap_fifo|  cancellation_unit_rollback_info_stream|       pointer|
|cancellation_unit_rollback_info_stream_fifo_cap        |   in|    2|     ap_fifo|  cancellation_unit_rollback_info_stream|       pointer|
|cancellation_unit_rollback_info_stream_full_n          |   in|    1|     ap_fifo|  cancellation_unit_rollback_info_stream|       pointer|
|cancellation_unit_rollback_info_stream_write           |  out|    1|     ap_fifo|  cancellation_unit_rollback_info_stream|       pointer|
+-------------------------------------------------------+-----+-----+------------+----------------------------------------+--------------+

