

================================================================
== Vitis HLS Report for 'state_buffer_top_0_s'
================================================================
* Date:           Thu Aug 15 17:58:32 2024

* Version:        2022.1 (Build 3526262 on Mon Apr 18 15:47:01 MDT 2022)
* Project:        pdes_fpga_vitis
* Solution:       solution1 (Vivado IP Flow Target)
* Product family: zynquplus
* Target device:  xczu7ev-ffvc1156-2-e


================================================================
== Performance Estimates
================================================================
+ Timing: 
    * Summary: 
    +--------+---------+----------+------------+
    |  Clock |  Target | Estimated| Uncertainty|
    +--------+---------+----------+------------+
    |ap_clk  |  5.00 ns|  3.465 ns|     1.35 ns|
    +--------+---------+----------+------------+

+ Latency: 
    * Summary: 
    +---------+---------+----------+----------+-----+-----+---------+
    |  Latency (cycles) |  Latency (absolute) |  Interval | Pipeline|
    |   min   |   max   |    min   |    max   | min | max |   Type  |
    +---------+---------+----------+----------+-----+-----+---------+
    |        ?|        ?|         ?|         ?|    ?|    ?|       no|
    +---------+---------+----------+----------+-----+-----+---------+

    + Detail: 
        * Instance: 
        +---------------------------------------------------------+----------------------------------------------+---------+---------+----------+----------+-----+-----+---------+
        |                                                         |                                              |  Latency (cycles) |  Latency (absolute) |  Interval | Pipeline|
        |                         Instance                        |                    Module                    |   min   |   max   |    min   |    max   | min | max |   Type  |
        +---------------------------------------------------------+----------------------------------------------+---------+---------+----------+----------+-----+-----+---------+
        |grp_state_buffer_top_0_Pipeline_VITIS_LOOP_81_2_fu_324   |state_buffer_top_0_Pipeline_VITIS_LOOP_81_2   |        ?|        ?|         ?|         ?|    ?|    ?|       no|
        |grp_state_buffer_top_0_Pipeline_VITIS_LOOP_131_1_fu_342  |state_buffer_top_0_Pipeline_VITIS_LOOP_131_1  |        ?|        ?|         ?|         ?|    ?|    ?|       no|
        +---------------------------------------------------------+----------------------------------------------+---------+---------+----------+----------+-----+-----+---------+

        * Loop: 
        +-------------------+---------+---------+----------+-----------+-----------+------+----------+
        |                   |  Latency (cycles) | Iteration|  Initiation Interval  | Trip |          |
        |     Loop Name     |   min   |   max   |  Latency |  achieved |   target  | Count| Pipelined|
        +-------------------+---------+---------+----------+-----------+-----------+------+----------+
        |- VITIS_LOOP_75_1  |        ?|        ?|         ?|          -|          -|     2|        no|
        +-------------------+---------+---------+----------+-----------+-----------+------+----------+



================================================================
== Utilization Estimates
================================================================
* Summary: 
+-----------------+---------+------+--------+--------+-----+
|       Name      | BRAM_18K|  DSP |   FF   |   LUT  | URAM|
+-----------------+---------+------+--------+--------+-----+
|DSP              |        -|     -|       -|       -|    -|
|Expression       |        -|     -|       0|     179|    -|
|FIFO             |        -|     -|       -|       -|    -|
|Instance         |        -|     -|     234|     444|    -|
|Memory           |        4|     -|      32|       2|    0|
|Multiplexer      |        -|     -|       -|     501|    -|
|Register         |        -|     -|     335|       -|    -|
+-----------------+---------+------+--------+--------+-----+
|Total            |        4|     0|     601|    1126|    0|
+-----------------+---------+------+--------+--------+-----+
|Available        |      624|  1728|  460800|  230400|   96|
+-----------------+---------+------+--------+--------+-----+
|Utilization (%)  |       ~0|     0|      ~0|      ~0|    0|
+-----------------+---------+------+--------+--------+-----+

+ Detail: 
    * Instance: 
    +---------------------------------------------------------+----------------------------------------------+---------+----+-----+-----+-----+
    |                         Instance                        |                    Module                    | BRAM_18K| DSP|  FF | LUT | URAM|
    +---------------------------------------------------------+----------------------------------------------+---------+----+-----+-----+-----+
    |grp_state_buffer_top_0_Pipeline_VITIS_LOOP_131_1_fu_342  |state_buffer_top_0_Pipeline_VITIS_LOOP_131_1  |        0|   0|  168|  203|    0|
    |grp_state_buffer_top_0_Pipeline_VITIS_LOOP_81_2_fu_324   |state_buffer_top_0_Pipeline_VITIS_LOOP_81_2   |        0|   0|   66|  241|    0|
    +---------------------------------------------------------+----------------------------------------------+---------+----+-----+-----+-----+
    |Total                                                    |                                              |        0|   0|  234|  444|    0|
    +---------------------------------------------------------+----------------------------------------------+---------+----+-----+-----+-----+

    * DSP: 
    N/A

    * Memory: 
    +-------------------------------------------+--------------------------------------------------------------------------+---------+----+----+-----+------+-----+------+-------------+
    |                   Memory                  |                                  Module                                  | BRAM_18K| FF | LUT| URAM| Words| Bits| Banks| W*Bits*Banks|
    +-------------------------------------------+--------------------------------------------------------------------------+---------+----+----+-----+------+-----+------+-------------+
    |state_buffer_buffer_state_lvt_V_1_U        |event_queue_top_0_s_event_queue_buffer_event_send_time_V_1_RAM_AUTO_1R1W  |        1|   0|   0|    0|   128|   32|     1|         4096|
    |state_buffer_buffer_state_rng_state_V_1_U  |event_queue_top_0_s_event_queue_buffer_event_send_time_V_1_RAM_AUTO_1R1W  |        1|   0|   0|    0|   128|   32|     1|         4096|
    |state_buffer_buffer_state_lp_id_V_1_U      |event_queue_top_0_s_event_queue_buffer_event_sender_id_V_1_RAM_AUTO_1R1W  |        1|   0|   0|    0|   128|   16|     1|         2048|
    |state_buffer_buffer_next_V_1_U             |event_queue_top_0_s_event_queue_buffer_next_V_1_RAM_AUTO_1R1W             |        1|   0|   0|    0|   128|   16|     1|         2048|
    |state_buffer_lp_heads_V_1_U                |state_buffer_top_0_s_state_buffer_lp_heads_V_1_RAM_AUTO_1R1W              |        0|  16|   1|    0|     2|   16|     1|           32|
    |state_buffer_lp_sizes_V_1_U                |state_buffer_top_0_s_state_buffer_lp_sizes_V_1_RAM_AUTO_1R1W              |        0|  16|   1|    0|     2|   16|     1|           32|
    +-------------------------------------------+--------------------------------------------------------------------------+---------+----+----+-----+------+-----+------+-------------+
    |Total                                      |                                                                          |        4|  32|   2|    0|   516|  128|     6|        12352|
    +-------------------------------------------+--------------------------------------------------------------------------+---------+----+----+-----+------+-----+------+-------------+

    * FIFO: 
    N/A

    * Expression: 
    +--------------------------------+----------+----+---+----+------------+------------+
    |          Variable Name         | Operation| DSP| FF| LUT| Bitwidth P0| Bitwidth P1|
    +--------------------------------+----------+----+---+----+------------+------------+
    |add_ln886_3_fu_551_p2           |         +|   0|  0|  15|           8|           1|
    |add_ln886_4_fu_422_p2           |         +|   0|  0|   9|           2|           1|
    |add_ln886_fu_572_p2             |         +|   0|  0|  23|          16|           1|
    |sub_ln887_3_fu_588_p2           |         -|   0|  0|  23|          16|          16|
    |sub_ln887_4_fu_445_p2           |         -|   0|  0|  23|          16|          16|
    |sub_ln887_fu_599_p2             |         -|   0|  0|  23|          16|          16|
    |and_ln51_fu_378_p2              |       and|   0|  0|   2|           1|           1|
    |ap_block_state8                 |       and|   0|  0|   2|           1|           1|
    |ap_predicate_op36_read_state1   |       and|   0|  0|   2|           1|           1|
    |ap_predicate_op83_write_state8  |       and|   0|  0|   2|           1|           1|
    |tmp_1_nbreadreq_fu_150_p3       |       and|   0|  0|   2|           1|           0|
    |tmp_6_nbreadreq_fu_142_p3       |       and|   0|  0|   2|           1|           0|
    |tmp_nbreadreq_fu_126_p3         |       and|   0|  0|   2|           1|           0|
    |tmp_s_nbreadreq_fu_134_p3       |       and|   0|  0|   2|           1|           0|
    |icmp_ln1065_fu_372_p2           |      icmp|   0|  0|  13|          16|           8|
    |icmp_ln1073_fu_416_p2           |      icmp|   0|  0|   8|           2|           3|
    |icmp_ln1077_fu_526_p2           |      icmp|   0|  0|  11|           9|           1|
    |icmp_ln1081_fu_582_p2           |      icmp|   0|  0|  13|          16|           1|
    |ap_block_state1                 |        or|   0|  0|   2|           1|           1|
    +--------------------------------+----------+----+---+----+------------+------------+
    |Total                           |          |   0|  0| 179|         126|          69|
    +--------------------------------+----------+----+---+----+------------+------------+

    * Multiplexer: 
    +--------------------------------------------------+----+-----------+-----+-----------+
    |                       Name                       | LUT| Input Size| Bits| Total Bits|
    +--------------------------------------------------+----+-----------+-----+-----------+
    |ap_NS_fsm                                         |  65|         16|    1|         16|
    |ap_done                                           |   9|          2|    1|          2|
    |event_processor_input_stream_blk_n                |   9|          2|    1|          2|
    |issued_event_stream_blk_n                         |   9|          2|    1|          2|
    |lp_id_V_fu_122                                    |   9|          2|    2|          4|
    |removed_V_fu_118                                  |   9|          2|   16|         32|
    |state_buffer_buffer_next_V_1_address0             |  26|          5|    7|         35|
    |state_buffer_buffer_next_V_1_ce0                  |  20|          4|    1|          4|
    |state_buffer_buffer_next_V_1_d0                   |  20|          4|   16|         64|
    |state_buffer_buffer_next_V_1_we0                  |  20|          4|    1|          4|
    |state_buffer_buffer_state_lp_id_V_1_address0      |  14|          3|    7|         21|
    |state_buffer_buffer_state_lvt_V_1_address0        |  26|          5|    7|         35|
    |state_buffer_buffer_state_lvt_V_1_ce0             |  20|          4|    1|          4|
    |state_buffer_buffer_state_rng_state_V_1_address0  |  14|          3|    7|         21|
    |state_buffer_commit_time_stream16_blk_n           |   9|          2|    1|          2|
    |state_buffer_free_head_V_1                        |  14|          3|   16|         48|
    |state_buffer_input_stream_blk_n                   |   9|          2|    1|          2|
    |state_buffer_lp_heads_V_1_address0                |  37|          7|    1|          7|
    |state_buffer_lp_heads_V_1_ce0                     |  20|          4|    1|          4|
    |state_buffer_lp_heads_V_1_d0                      |  20|          4|   16|         64|
    |state_buffer_lp_heads_V_1_we0                     |  20|          4|    1|          4|
    |state_buffer_lp_sizes_V_1_address0                |  31|          6|    1|          6|
    |state_buffer_lp_sizes_V_1_ce0                     |  14|          3|    1|          3|
    |state_buffer_lp_sizes_V_1_d0                      |  20|          4|   16|         64|
    |state_buffer_lp_sizes_V_1_we0                     |  14|          3|    1|          3|
    |state_buffer_rollback_info_stream_blk_n           |   9|          2|    1|          2|
    |state_buffer_total_size_V_1                       |  14|          3|   16|         48|
    +--------------------------------------------------+----+-----------+-----+-----------+
    |Total                                             | 501|        105|  142|        503|
    +--------------------------------------------------+----+-----------+-----+-----------+

    * Register: 
    +----------------------------------------------------------------------+-----+----+-----+-----------+
    |                                 Name                                 |  FF | LUT| Bits| Const Bits|
    +----------------------------------------------------------------------+-----+----+-----+-----------+
    |and_ln51_reg_626                                                      |    1|   0|    1|          0|
    |ap_CS_fsm                                                             |   15|   0|   15|          0|
    |ap_done_reg                                                           |    1|   0|    1|          0|
    |grp_state_buffer_top_0_Pipeline_VITIS_LOOP_131_1_fu_342_ap_start_reg  |    1|   0|    1|          0|
    |grp_state_buffer_top_0_Pipeline_VITIS_LOOP_81_2_fu_324_ap_start_reg   |    1|   0|    1|          0|
    |icmp_ln1077_reg_715                                                   |    1|   0|    1|          0|
    |icmp_ln1081_reg_737                                                   |    1|   0|    1|          0|
    |issued_event_stream_read_reg_690                                      |  129|   0|  129|          0|
    |lp_id_V_fu_122                                                        |    2|   0|    2|          0|
    |reg_358                                                               |   16|   0|   16|          0|
    |removed_V_fu_118                                                      |   16|   0|   16|          0|
    |removed_V_loc_fu_114                                                  |   16|   0|   16|          0|
    |state_buffer_buffer_next_V_1_addr_1_reg_719                           |    7|   0|    7|          0|
    |state_buffer_free_head_V_1                                            |   16|   0|   16|          0|
    |state_buffer_lp_sizes_V_1_addr_1_reg_741                              |    1|   0|    1|          0|
    |state_buffer_lp_sizes_V_1_addr_reg_729                                |    1|   0|    1|          0|
    |state_buffer_total_size_V_1                                           |   16|   0|   16|          0|
    |state_buffer_total_size_V_1_load_reg_615                              |   16|   0|   16|          0|
    |tmp_1_reg_634                                                         |    1|   0|    1|          0|
    |tmp_6_reg_630                                                         |    1|   0|    1|          0|
    |tmp_9_reg_652                                                         |   32|   0|   32|          0|
    |tmp_lp_id_V_reg_657                                                   |    1|   0|    1|          0|
    |tmp_reg_611                                                           |    1|   0|    1|          0|
    |tmp_to_time_V_reg_662                                                 |   32|   0|   32|          0|
    |trunc_ln46_reg_621                                                    |    8|   0|    8|          0|
    |trunc_ln75_reg_680                                                    |    1|   0|    1|          0|
    |zext_ln587_reg_667                                                    |    1|   0|   64|         63|
    +----------------------------------------------------------------------+-----+----+-----+-----------+
    |Total                                                                 |  335|   0|  398|         63|
    +----------------------------------------------------------------------+-----+----+-----+-----------+



================================================================
== Interface
================================================================
* Summary: 
+--------------------------------------------------+-----+-----+------------+-----------------------------------+--------------+
|                     RTL Ports                    | Dir | Bits|  Protocol  |           Source Object           |    C Type    |
+--------------------------------------------------+-----+-----+------------+-----------------------------------+--------------+
|ap_clk                                            |   in|    1|  ap_ctrl_hs|                state_buffer_top<0>|  return value|
|ap_rst                                            |   in|    1|  ap_ctrl_hs|                state_buffer_top<0>|  return value|
|ap_start                                          |   in|    1|  ap_ctrl_hs|                state_buffer_top<0>|  return value|
|ap_done                                           |  out|    1|  ap_ctrl_hs|                state_buffer_top<0>|  return value|
|ap_continue                                       |   in|    1|  ap_ctrl_hs|                state_buffer_top<0>|  return value|
|ap_idle                                           |  out|    1|  ap_ctrl_hs|                state_buffer_top<0>|  return value|
|ap_ready                                          |  out|    1|  ap_ctrl_hs|                state_buffer_top<0>|  return value|
|state_buffer_rollback_info_stream_dout            |   in|   48|     ap_fifo|  state_buffer_rollback_info_stream|       pointer|
|state_buffer_rollback_info_stream_num_data_valid  |   in|    2|     ap_fifo|  state_buffer_rollback_info_stream|       pointer|
|state_buffer_rollback_info_stream_fifo_cap        |   in|    2|     ap_fifo|  state_buffer_rollback_info_stream|       pointer|
|state_buffer_rollback_info_stream_empty_n         |   in|    1|     ap_fifo|  state_buffer_rollback_info_stream|       pointer|
|state_buffer_rollback_info_stream_read            |  out|    1|     ap_fifo|  state_buffer_rollback_info_stream|       pointer|
|state_buffer_commit_time_stream16_dout            |   in|   32|     ap_fifo|  state_buffer_commit_time_stream16|       pointer|
|state_buffer_commit_time_stream16_num_data_valid  |   in|    2|     ap_fifo|  state_buffer_commit_time_stream16|       pointer|
|state_buffer_commit_time_stream16_fifo_cap        |   in|    2|     ap_fifo|  state_buffer_commit_time_stream16|       pointer|
|state_buffer_commit_time_stream16_empty_n         |   in|    1|     ap_fifo|  state_buffer_commit_time_stream16|       pointer|
|state_buffer_commit_time_stream16_read            |  out|    1|     ap_fifo|  state_buffer_commit_time_stream16|       pointer|
|state_buffer_input_stream_dout                    |   in|   80|     ap_fifo|          state_buffer_input_stream|       pointer|
|state_buffer_input_stream_num_data_valid          |   in|    2|     ap_fifo|          state_buffer_input_stream|       pointer|
|state_buffer_input_stream_fifo_cap                |   in|    2|     ap_fifo|          state_buffer_input_stream|       pointer|
|state_buffer_input_stream_empty_n                 |   in|    1|     ap_fifo|          state_buffer_input_stream|       pointer|
|state_buffer_input_stream_read                    |  out|    1|     ap_fifo|          state_buffer_input_stream|       pointer|
|issued_event_stream_dout                          |   in|  129|     ap_fifo|                issued_event_stream|       pointer|
|issued_event_stream_num_data_valid                |   in|    2|     ap_fifo|                issued_event_stream|       pointer|
|issued_event_stream_fifo_cap                      |   in|    2|     ap_fifo|                issued_event_stream|       pointer|
|issued_event_stream_empty_n                       |   in|    1|     ap_fifo|                issued_event_stream|       pointer|
|issued_event_stream_read                          |  out|    1|     ap_fifo|                issued_event_stream|       pointer|
|event_processor_input_stream_din                  |  out|  209|     ap_fifo|       event_processor_input_stream|       pointer|
|event_processor_input_stream_num_data_valid       |   in|    2|     ap_fifo|       event_processor_input_stream|       pointer|
|event_processor_input_stream_fifo_cap             |   in|    2|     ap_fifo|       event_processor_input_stream|       pointer|
|event_processor_input_stream_full_n               |   in|    1|     ap_fifo|       event_processor_input_stream|       pointer|
|event_processor_input_stream_write                |  out|    1|     ap_fifo|       event_processor_input_stream|       pointer|
+--------------------------------------------------+-----+-----+------------+-----------------------------------+--------------+

