                             latency        interval
transaction       0:               4               5
transaction       1:               4               5
transaction       2:               6               7
transaction       3:               6               7
transaction       4:              13              14
transaction       5:               4               5
transaction       6:              16              17
transaction       7:               6               7
transaction       8:              10              11
transaction       9:              10              11
transaction      10:              10              11
transaction      11:              10              11
transaction      12:               6               7
transaction      13:              13              14
transaction      14:               4               5
transaction      15:              10              11
transaction      16:              10              11
transaction      17:              10              11
transaction      18:              10              11
transaction      19:              10              11
transaction      20:              10              11
transaction      21:              10              11
transaction      22:              10              11
transaction      23:              10              11
transaction      24:              10              11
transaction      25:              10              11
transaction      26:              10              11
transaction      27:              10              11
transaction      28:              10              11
transaction      29:              10              11
transaction      30:              10              11
transaction      31:              10              11
transaction      32:               2               3
transaction      33:               4               5
transaction      34:               4               5
transaction      35:               4               5
transaction      36:              10              11
transaction      37:               6               7
transaction      38:               6               7
transaction      39:               6               7
transaction      40:               4               5
transaction      41:               6               7
transaction      42:              10              11
transaction      43:               6               7
transaction      44:               6               7
transaction      45:              10              11
transaction      46:               6               7
transaction      47:              16              17
transaction      48:              13              14
transaction      49:              10              11
transaction      50:              10              11
transaction      51:              10              11
transaction      52:              10              11
transaction      53:              10              11
transaction      54:              10              11
transaction      55:              10              11
transaction      56:              10              11
transaction      57:              10              11
transaction      58:              10              11
transaction      59:              10              11
transaction      60:              10              11
transaction      61:              10              11
transaction      62:              10              11
transaction      63:              10              11
transaction      64:              10              11
transaction      65:               2               3
transaction      66:               4               5
transaction      67:              10              11
transaction      68:               4               5
transaction      69:              10              11
transaction      70:               4               5
transaction      71:               6               7
transaction      72:               4               5
transaction      73:              10              11
transaction      74:              10              11
transaction      75:              10              11
transaction      76:              10              11
transaction      77:              13              14
transaction      78:              16              17
transaction      79:              10              11
transaction      80:              13              14
transaction      81:               6               7
transaction      82:              10              11
transaction      83:              10              11
transaction      84:              10              11
transaction      85:              10              11
transaction      86:              10              11
transaction      87:              10              11
transaction      88:              10              11
transaction      89:              10              11
transaction      90:              10              11
transaction      91:              10              11
transaction      92:              10              11
transaction      93:              10              11
transaction      94:              10              11
transaction      95:              10              11
transaction      96:              10              11
transaction      97:              10              11
transaction      98:              10              11
transaction      99:              10              11
transaction     100:              10              11
transaction     101:              10              11
transaction     102:              10              11
transaction     103:              10              11
transaction     104:              10              11
transaction     105:              10              11
transaction     106:              10              11
transaction     107:              10              11
transaction     108:              10              11
transaction     109:              10              11
transaction     110:              10              11
transaction     111:              10              11
transaction     112:              10              11
transaction     113:              10              11
transaction     114:               2               3
transaction     115:               4               5
transaction     116:               4               5
transaction     117:               4               5
transaction     118:               4               5
transaction     119:              10              11
transaction     120:               6               7
transaction     121:              13              14
transaction     122:               6               7
transaction     123:              16              17
transaction     124:              13              14
transaction     125:              10              11
transaction     126:              22              23
transaction     127:              10              11
transaction     128:              13              14
transaction     129:               6               7
transaction     130:              16              17
transaction     131:              10              11
transaction     132:              10              11
transaction     133:              10              11
transaction     134:              10              11
transaction     135:              10              11
transaction     136:              10              11
transaction     137:              10              11
transaction     138:              10              11
transaction     139:              10              11
transaction     140:              10              11
transaction     141:              10              11
transaction     142:              10              11
transaction     143:              10              11
transaction     144:              10              11
transaction     145:              10              11
transaction     146:              10              11
transaction     147:              10              11
transaction     148:              10              11
transaction     149:              10              11
transaction     150:              10              11
transaction     151:              10              11
transaction     152:              10              11
transaction     153:              10              11
transaction     154:              10              11
transaction     155:              10              11
transaction     156:              10              11
transaction     157:              10              11
transaction     158:              10              11
transaction     159:              10              11
transaction     160:              10              11
transaction     161:              10              11
transaction     162:              10              11
transaction     163:              10              11
transaction     164:               2               3
transaction     165:               4               5
transaction     166:               4               5
transaction     167:               4               5
transaction     168:               6               7
transaction     169:               6               7
transaction     170:              10              11
transaction     171:               4               5
transaction     172:              10              11
transaction     173:               6               7
transaction     174:               6               7
transaction     175:              13              14
transaction     176:              16              17
transaction     177:               6               7
transaction     178:              13              14
transaction     179:               6               7
transaction     180:              22              23
transaction     181:              10              11
transaction     182:              10              11
transaction     183:              10              11
transaction     184:              10              11
transaction     185:              10              11
transaction     186:              10              11
transaction     187:              10              11
transaction     188:              10              11
transaction     189:              25              26
transaction     190:              10              11
transaction     191:              10              11
transaction     192:              10              11
transaction     193:              10              11
transaction     194:              10              11
transaction     195:              10              11
transaction     196:              10              11
transaction     197:              10              11
transaction     198:              10              11
transaction     199:               2               x
